2017-11-20 15:08:53 +0000  Initial pipeline context: <IDEDistributionProcessingPipelineContext: 0x7faae50690f0; archive(resolved)='<IDEArchive: 0x7faae3bf1ea0>', distributionTask(resolved)='2', distributionMethod(resolved)='<IDEDistributionMethodDevelopmentSigned: 0x7faae3f43250>', team(resolved)='<IDEProvisioningBasicTeam 0x7faaded2e490: teamID: MCHY2NCZ3E, teamName: TestObject GmbH>'>
	Chain (11, self inclusive):
	<IDEDistributionProcessingPipelineContext: 0x7faae50690f0; archive = '<IDEArchive: 0x7faae3bf1ea0>', distributionMethod='<IDEDistributionMethodDevelopmentSigned: 0x7faae3f43250>', team='<IDEProvisioningBasicTeam 0x7faaded2e490: teamID: MCHY2NCZ3E, teamName: TestObject GmbH>'>
	<IDEDistributionProcessingPipelineContext: 0x7faada87abe0; archive = '<IDEArchive: 0x7faae3bf1ea0>', distributionMethod='<IDEDistributionMethodDevelopmentSigned: 0x7faae3f43250>', team='<IDEProvisioningBasicTeam 0x7faaded2e490: teamID: MCHY2NCZ3E, teamName: TestObject GmbH>'>
	<IDEDistributionContext: 0x7faae5066e80; archive = '<IDEArchive: 0x7faae3bf1ea0>', distributionMethod='<IDEDistributionMethodDevelopmentSigned: 0x7faae3f43250>', team='<IDEProvisioningBasicTeam 0x7faaded2e490: teamID: MCHY2NCZ3E, teamName: TestObject GmbH>'>
	<IDEDistributionContext: 0x7faae3b0c0b0; archive = '<IDEArchive: 0x7faae3bf1ea0>', distributionMethod='<IDEDistributionMethodDevelopmentSigned: 0x7faae3f43250>', team='<IDEProvisioningBasicTeam 0x7faaded2e490: teamID: MCHY2NCZ3E, teamName: TestObject GmbH>'>
	<IDEDistributionContext: 0x7faaf562b550; archive = '<IDEArchive: 0x7faae3bf1ea0>', distributionMethod='<IDEDistributionMethodDevelopmentSigned: 0x7faae3f43250>', team='<IDEProvisioningBasicTeam 0x7faaded2e490: teamID: MCHY2NCZ3E, teamName: TestObject GmbH>'>
	<IDEDistributionContext: 0x7faadd9054d0; archive = '<IDEArchive: 0x7faae3bf1ea0>', distributionMethod='<IDEDistributionMethodDevelopmentSigned: 0x7faae3f43250>', team='<IDEProvisioningBasicTeam 0x7faaded2e490: teamID: MCHY2NCZ3E, teamName: TestObject GmbH>'>
	<IDEDistributionContext: 0x7faae4d0dc40; archive = '<IDEArchive: 0x7faae3bf1ea0>', distributionMethod='<IDEDistributionMethodDevelopmentSigned: 0x7faae3f43250>', team='<IDEProvisioningBasicTeam 0x7faaded2e490: teamID: MCHY2NCZ3E, teamName: TestObject GmbH>'>
	<IDEDistributionContext: 0x7faad7e6f740; archive = '<IDEArchive: 0x7faae3bf1ea0>', distributionMethod='<IDEDistributionMethodDevelopmentSigned: 0x7faae3f43250>', team='<IDEProvisioningBasicTeam 0x7faaded2e490: teamID: MCHY2NCZ3E, teamName: TestObject GmbH>'>
	<IDEDistributionContext: 0x7faae503b4f0; archive = '<IDEArchive: 0x7faae3bf1ea0>', distributionMethod='<IDEDistributionMethodDevelopmentSigned: 0x7faae3f43250>', team='<IDEProvisioningBasicTeam 0x7faaded2e490: teamID: MCHY2NCZ3E, teamName: TestObject GmbH>'>
	<IDEDistributionContext: 0x7faae391da40; archive = '<IDEArchive: 0x7faae3bf1ea0>', distributionMethod='<IDEDistributionMethodDevelopmentSigned: 0x7faae3f43250>', team='(null)'>
	<IDEDistributionContext: 0x7faae50130a0; archive = '<IDEArchive: 0x7faae3bf1ea0>', distributionMethod='(null)', team='(null)'>
</IDEDistributionProcessingPipelineContext: 0x7faae50690f0>
2017-11-20 15:08:53 +0000  Processing step: IDEDistributionCreateDestRootStep
2017-11-20 15:08:53 +0000  Processing step: IDEDistributionCopyItemStep
2017-11-20 15:08:53 +0000  Running /usr/bin/ditto '-V' '/Users/abdulla/Library/Developer/Xcode/Archives/2017-11-20/httpRequest 20.11.17, 16.07.xcarchive/Products/Applications/httpRequest.app' '/var/folders/k7/k71_2nvj10ldtm_t_9nyp2p00000gn/T/XcodeDistPipeline.6vq/Root/Payload/httpRequest.app'
2017-11-20 15:08:53 +0000  >>> Copying /Users/abdulla/Library/Developer/Xcode/Archives/2017-11-20/httpRequest 20.11.17, 16.07.xcarchive/Products/Applications/httpRequest.app 
2017-11-20 15:08:53 +0000  copying file ./_CodeSignature/CodeResources ... 
2017-11-20 15:08:53 +0000  9019 bytes for ./_CodeSignature/CodeResources
2017-11-20 15:08:53 +0000  copying file ./archived-expanded-entitlements.xcent ... 
2017-11-20 15:08:53 +0000  390 bytes for ./archived-expanded-entitlements.xcent
2017-11-20 15:08:53 +0000  copying file ./Base.lproj/LaunchScreen.storyboardc/01J-lp-oVM-view-Ze5-6b-2t3.nib ... 
2017-11-20 15:08:53 +0000  1790 bytes for ./Base.lproj/LaunchScreen.storyboardc/01J-lp-oVM-view-Ze5-6b-2t3.nib
copying file ./Base.lproj/LaunchScreen.storyboardc/Info.plist ... 
2017-11-20 15:08:53 +0000  258 bytes for ./Base.lproj/LaunchScreen.storyboardc/Info.plist
2017-11-20 15:08:53 +0000  copying file ./Base.lproj/LaunchScreen.storyboardc/UIViewController-01J-lp-oVM.nib ... 
2017-11-20 15:08:53 +0000  832 bytes for ./Base.lproj/LaunchScreen.storyboardc/UIViewController-01J-lp-oVM.nib
2017-11-20 15:08:53 +0000  copying file ./Base.lproj/Main.storyboardc/BYZ-38-t0r-view-8bC-Xf-vdC.nib ... 
2017-11-20 15:08:53 +0000  5752 bytes for ./Base.lproj/Main.storyboardc/BYZ-38-t0r-view-8bC-Xf-vdC.nib
2017-11-20 15:08:53 +0000  copying file ./Base.lproj/Main.storyboardc/Info.plist ... 
2017-11-20 15:08:53 +0000  258 bytes for ./Base.lproj/Main.storyboardc/Info.plist
2017-11-20 15:08:53 +0000  copying file ./Base.lproj/Main.storyboardc/UIViewController-BYZ-38-t0r.nib ... 
2017-11-20 15:08:53 +0000  983 bytes for ./Base.lproj/Main.storyboardc/UIViewController-BYZ-38-t0r.nib
2017-11-20 15:08:53 +0000  copying file ./embedded.mobileprovision ... 
2017-11-20 15:08:53 +0000  36746 bytes for ./embedded.mobileprovision
2017-11-20 15:08:53 +0000  copying file ./Frameworks/libswiftCore.dylib ... 
2017-11-20 15:08:53 +0000  68838912 bytes for ./Frameworks/libswiftCore.dylib
2017-11-20 15:08:53 +0000  copying file ./Frameworks/libswiftCoreFoundation.dylib ... 
257664 bytes for ./Frameworks/libswiftCoreFoundation.dylib
copying file ./Frameworks/libswiftCoreGraphics.dylib ... 
2017-11-20 15:08:53 +0000  1268800 bytes for ./Frameworks/libswiftCoreGraphics.dylib
2017-11-20 15:08:53 +0000  copying file ./Frameworks/libswiftCoreImage.dylib ... 
2017-11-20 15:08:53 +0000  258224 bytes for ./Frameworks/libswiftCoreImage.dylib
2017-11-20 15:08:53 +0000  copying file ./Frameworks/libswiftDarwin.dylib ... 
2017-11-20 15:08:53 +0000  599232 bytes for ./Frameworks/libswiftDarwin.dylib
copying file ./Frameworks/libswiftDispatch.dylib ... 
2017-11-20 15:08:53 +0000  2440688 bytes for ./Frameworks/libswiftDispatch.dylib
copying file ./Frameworks/libswiftFoundation.dylib ... 
2017-11-20 15:08:54 +0000  27922928 bytes for ./Frameworks/libswiftFoundation.dylib
copying file ./Frameworks/libswiftMetal.dylib ... 
2017-11-20 15:08:54 +0000  399344 bytes for ./Frameworks/libswiftMetal.dylib
copying file ./Frameworks/libswiftObjectiveC.dylib ... 
505744 bytes for ./Frameworks/libswiftObjectiveC.dylib
copying file ./Frameworks/libswiftos.dylib ... 
2017-11-20 15:08:54 +0000  446352 bytes for ./Frameworks/libswiftos.dylib
copying file ./Frameworks/libswiftQuartzCore.dylib ... 
2017-11-20 15:08:54 +0000  310928 bytes for ./Frameworks/libswiftQuartzCore.dylib
copying file ./Frameworks/libswiftUIKit.dylib ... 
2017-11-20 15:08:54 +0000  789136 bytes for ./Frameworks/libswiftUIKit.dylib
2017-11-20 15:08:54 +0000  copying file ./httpRequest ... 
2017-11-20 15:08:54 +0000  587584 bytes for ./httpRequest
2017-11-20 15:08:54 +0000  copying file ./Info.plist ... 
2017-11-20 15:08:54 +0000  1185 bytes for ./Info.plist
copying file ./PkgInfo ... 
2017-11-20 15:08:54 +0000  8 bytes for ./PkgInfo
2017-11-20 15:08:54 +0000  /usr/bin/ditto exited with 0
2017-11-20 15:08:54 +0000  Processing step: IDEDistributionEmbedProfileStep
2017-11-20 15:08:54 +0000  Skipping profile for item: <IDEDistributionItem: 0x7faaf4ee4260 'com.apple.dt.runtime.swiftCore' '<DVTFilePath:0x7faae5028e90:'/Users/abdulla/Library/Developer/Xcode/Archives/2017-11-20/httpRequest 20.11.17, 16.07.xcarchive/Products/Applications/httpRequest.app/Frameworks/libswiftCore.dylib'>'>
2017-11-20 15:08:54 +0000  Skipping profile for item: <IDEDistributionItem: 0x7faae3e17760 'com.apple.dt.runtime.swiftCoreFoundation' '<DVTFilePath:0x7faae4858c30:'/Users/abdulla/Library/Developer/Xcode/Archives/2017-11-20/httpRequest 20.11.17, 16.07.xcarchive/Products/Applications/httpRequest.app/Frameworks/libswiftCoreFoundation.dylib'>'>
2017-11-20 15:08:54 +0000  Skipping profile for item: <IDEDistributionItem: 0x7faae3e77c20 'com.apple.dt.runtime.swiftCoreGraphics' '<DVTFilePath:0x7faae3ed21f0:'/Users/abdulla/Library/Developer/Xcode/Archives/2017-11-20/httpRequest 20.11.17, 16.07.xcarchive/Products/Applications/httpRequest.app/Frameworks/libswiftCoreGraphics.dylib'>'>
2017-11-20 15:08:54 +0000  Skipping profile for item: <IDEDistributionItem: 0x7faad6a418c0 'com.apple.dt.runtime.swiftCoreImage' '<DVTFilePath:0x7faaf516adf0:'/Users/abdulla/Library/Developer/Xcode/Archives/2017-11-20/httpRequest 20.11.17, 16.07.xcarchive/Products/Applications/httpRequest.app/Frameworks/libswiftCoreImage.dylib'>'>
2017-11-20 15:08:54 +0000  Skipping profile for item: <IDEDistributionItem: 0x7faae3ff7ea0 'com.apple.dt.runtime.swiftDarwin' '<DVTFilePath:0x7faae3edbd00:'/Users/abdulla/Library/Developer/Xcode/Archives/2017-11-20/httpRequest 20.11.17, 16.07.xcarchive/Products/Applications/httpRequest.app/Frameworks/libswiftDarwin.dylib'>'>
2017-11-20 15:08:54 +0000  Skipping profile for item: <IDEDistributionItem: 0x7faae4a14c40 'com.apple.dt.runtime.swiftDispatch' '<DVTFilePath:0x7faae3ed7a30:'/Users/abdulla/Library/Developer/Xcode/Archives/2017-11-20/httpRequest 20.11.17, 16.07.xcarchive/Products/Applications/httpRequest.app/Frameworks/libswiftDispatch.dylib'>'>
2017-11-20 15:08:54 +0000  Skipping profile for item: <IDEDistributionItem: 0x7faae3fb06e0 'com.apple.dt.runtime.swiftFoundation' '<DVTFilePath:0x7faae3e1e4f0:'/Users/abdulla/Library/Developer/Xcode/Archives/2017-11-20/httpRequest 20.11.17, 16.07.xcarchive/Products/Applications/httpRequest.app/Frameworks/libswiftFoundation.dylib'>'>
2017-11-20 15:08:54 +0000  Skipping profile for item: <IDEDistributionItem: 0x7faae5048bb0 'com.apple.dt.runtime.swiftMetal' '<DVTFilePath:0x7faadee99d20:'/Users/abdulla/Library/Developer/Xcode/Archives/2017-11-20/httpRequest 20.11.17, 16.07.xcarchive/Products/Applications/httpRequest.app/Frameworks/libswiftMetal.dylib'>'>
2017-11-20 15:08:54 +0000  Skipping profile for item: <IDEDistributionItem: 0x7faae3ffb510 'com.apple.dt.runtime.swiftObjectiveC' '<DVTFilePath:0x7faae492caf0:'/Users/abdulla/Library/Developer/Xcode/Archives/2017-11-20/httpRequest 20.11.17, 16.07.xcarchive/Products/Applications/httpRequest.app/Frameworks/libswiftObjectiveC.dylib'>'>
2017-11-20 15:08:54 +0000  Skipping profile for item: <IDEDistributionItem: 0x7faad6746b40 'com.apple.dt.runtime.swiftQuartzCore' '<DVTFilePath:0x7faaf4f2d850:'/Users/abdulla/Library/Developer/Xcode/Archives/2017-11-20/httpRequest 20.11.17, 16.07.xcarchive/Products/Applications/httpRequest.app/Frameworks/libswiftQuartzCore.dylib'>'>
2017-11-20 15:08:54 +0000  Skipping profile for item: <IDEDistributionItem: 0x7faaed00b120 'com.apple.dt.runtime.swiftUIKit' '<DVTFilePath:0x7faae4843ee0:'/Users/abdulla/Library/Developer/Xcode/Archives/2017-11-20/httpRequest 20.11.17, 16.07.xcarchive/Products/Applications/httpRequest.app/Frameworks/libswiftUIKit.dylib'>'>
2017-11-20 15:08:54 +0000  Skipping profile for item: <IDEDistributionItem: 0x7faae4de6060 'com.apple.dt.runtime.swiftos' '<DVTFilePath:0x7faaf569c9e0:'/Users/abdulla/Library/Developer/Xcode/Archives/2017-11-20/httpRequest 20.11.17, 16.07.xcarchive/Products/Applications/httpRequest.app/Frameworks/libswiftos.dylib'>'>
2017-11-20 15:08:54 +0000  Processing step: IDEDistributionAppThinningPlistStep
2017-11-20 15:08:54 +0000  Processing step: IDEDistributionCompileBitcodeStep
2017-11-20 15:08:54 +0000  Skipping step: IDEDistributionCompileBitcodeStep because it said so
2017-11-20 15:08:54 +0000  Processing step: IDEDistributionCodeSlimmingStep
2017-11-20 15:08:54 +0000  Processing step: IDEDistributionCopyBCSymbolMapsStep
2017-11-20 15:08:54 +0000  Skipping step: IDEDistributionCopyBCSymbolMapsStep because it said so
2017-11-20 15:08:54 +0000  Skipping step: IDEDistributionCopyBCSymbolMapsStep because it said so
2017-11-20 15:08:54 +0000  Skipping step: IDEDistributionCopyBCSymbolMapsStep because it said so
2017-11-20 15:08:54 +0000  Skipping step: IDEDistributionCopyBCSymbolMapsStep because it said so
2017-11-20 15:08:54 +0000  Skipping step: IDEDistributionCopyBCSymbolMapsStep because it said so
2017-11-20 15:08:54 +0000  Skipping step: IDEDistributionCopyBCSymbolMapsStep because it said so
2017-11-20 15:08:54 +0000  Skipping step: IDEDistributionCopyBCSymbolMapsStep because it said so
2017-11-20 15:08:54 +0000  Skipping step: IDEDistributionCopyBCSymbolMapsStep because it said so
2017-11-20 15:08:54 +0000  Skipping step: IDEDistributionCopyBCSymbolMapsStep because it said so
2017-11-20 15:08:54 +0000  Skipping step: IDEDistributionCopyBCSymbolMapsStep because it said so
2017-11-20 15:08:54 +0000  Skipping step: IDEDistributionCopyBCSymbolMapsStep because it said so
2017-11-20 15:08:54 +0000  Skipping step: IDEDistributionCopyBCSymbolMapsStep because it said so
2017-11-20 15:08:54 +0000  Skipping step: IDEDistributionCopyBCSymbolMapsStep because it said so
2017-11-20 15:08:54 +0000  Processing step: IDEDistributionSymbolsStep
2017-11-20 15:08:54 +0000  Skipping step: IDEDistributionSymbolsStep because it said so
2017-11-20 15:08:54 +0000  Skipping step: IDEDistributionSymbolsStep because it said so
2017-11-20 15:08:54 +0000  Skipping step: IDEDistributionSymbolsStep because it said so
2017-11-20 15:08:54 +0000  Skipping step: IDEDistributionSymbolsStep because it said so
2017-11-20 15:08:54 +0000  Skipping step: IDEDistributionSymbolsStep because it said so
2017-11-20 15:08:54 +0000  Skipping step: IDEDistributionSymbolsStep because it said so
2017-11-20 15:08:54 +0000  Skipping step: IDEDistributionSymbolsStep because it said so
2017-11-20 15:08:54 +0000  Skipping step: IDEDistributionSymbolsStep because it said so
2017-11-20 15:08:54 +0000  Skipping step: IDEDistributionSymbolsStep because it said so
2017-11-20 15:08:54 +0000  Skipping step: IDEDistributionSymbolsStep because it said so
2017-11-20 15:08:54 +0000  Skipping step: IDEDistributionSymbolsStep because it said so
2017-11-20 15:08:54 +0000  Skipping step: IDEDistributionSymbolsStep because it said so
2017-11-20 15:08:54 +0000  Skipping step: IDEDistributionSymbolsStep because it said so
2017-11-20 15:08:54 +0000  Processing step: IDEDistributionAppThinningStep
2017-11-20 15:08:54 +0000  Skipping step: IDEDistributionAppThinningStep because it said so
2017-11-20 15:08:54 +0000  Processing step: IDEDistributionODRStep
2017-11-20 15:08:54 +0000  Processing step: IDEDistributionStripXattrsStep
2017-11-20 15:08:54 +0000  Skipping stripping extended attributes of item: <IDEDistributionItem: 0x7faaf4ee4260 'com.apple.dt.runtime.swiftCore' '<DVTFilePath:0x7faae5028e90:'/Users/abdulla/Library/Developer/Xcode/Archives/2017-11-20/httpRequest 20.11.17, 16.07.xcarchive/Products/Applications/httpRequest.app/Frameworks/libswiftCore.dylib'>'>
2017-11-20 15:08:54 +0000  Skipping stripping extended attributes of item: <IDEDistributionItem: 0x7faae3e17760 'com.apple.dt.runtime.swiftCoreFoundation' '<DVTFilePath:0x7faae4858c30:'/Users/abdulla/Library/Developer/Xcode/Archives/2017-11-20/httpRequest 20.11.17, 16.07.xcarchive/Products/Applications/httpRequest.app/Frameworks/libswiftCoreFoundation.dylib'>'>
2017-11-20 15:08:54 +0000  Skipping stripping extended attributes of item: <IDEDistributionItem: 0x7faae3e77c20 'com.apple.dt.runtime.swiftCoreGraphics' '<DVTFilePath:0x7faae3ed21f0:'/Users/abdulla/Library/Developer/Xcode/Archives/2017-11-20/httpRequest 20.11.17, 16.07.xcarchive/Products/Applications/httpRequest.app/Frameworks/libswiftCoreGraphics.dylib'>'>
2017-11-20 15:08:54 +0000  Skipping stripping extended attributes of item: <IDEDistributionItem: 0x7faad6a418c0 'com.apple.dt.runtime.swiftCoreImage' '<DVTFilePath:0x7faaf516adf0:'/Users/abdulla/Library/Developer/Xcode/Archives/2017-11-20/httpRequest 20.11.17, 16.07.xcarchive/Products/Applications/httpRequest.app/Frameworks/libswiftCoreImage.dylib'>'>
2017-11-20 15:08:54 +0000  Skipping stripping extended attributes of item: <IDEDistributionItem: 0x7faae3ff7ea0 'com.apple.dt.runtime.swiftDarwin' '<DVTFilePath:0x7faae3edbd00:'/Users/abdulla/Library/Developer/Xcode/Archives/2017-11-20/httpRequest 20.11.17, 16.07.xcarchive/Products/Applications/httpRequest.app/Frameworks/libswiftDarwin.dylib'>'>
2017-11-20 15:08:54 +0000  Skipping stripping extended attributes of item: <IDEDistributionItem: 0x7faae4a14c40 'com.apple.dt.runtime.swiftDispatch' '<DVTFilePath:0x7faae3ed7a30:'/Users/abdulla/Library/Developer/Xcode/Archives/2017-11-20/httpRequest 20.11.17, 16.07.xcarchive/Products/Applications/httpRequest.app/Frameworks/libswiftDispatch.dylib'>'>
2017-11-20 15:08:54 +0000  Skipping stripping extended attributes of item: <IDEDistributionItem: 0x7faae3fb06e0 'com.apple.dt.runtime.swiftFoundation' '<DVTFilePath:0x7faae3e1e4f0:'/Users/abdulla/Library/Developer/Xcode/Archives/2017-11-20/httpRequest 20.11.17, 16.07.xcarchive/Products/Applications/httpRequest.app/Frameworks/libswiftFoundation.dylib'>'>
2017-11-20 15:08:54 +0000  Skipping stripping extended attributes of item: <IDEDistributionItem: 0x7faae5048bb0 'com.apple.dt.runtime.swiftMetal' '<DVTFilePath:0x7faadee99d20:'/Users/abdulla/Library/Developer/Xcode/Archives/2017-11-20/httpRequest 20.11.17, 16.07.xcarchive/Products/Applications/httpRequest.app/Frameworks/libswiftMetal.dylib'>'>
2017-11-20 15:08:54 +0000  Skipping stripping extended attributes of item: <IDEDistributionItem: 0x7faae3ffb510 'com.apple.dt.runtime.swiftObjectiveC' '<DVTFilePath:0x7faae492caf0:'/Users/abdulla/Library/Developer/Xcode/Archives/2017-11-20/httpRequest 20.11.17, 16.07.xcarchive/Products/Applications/httpRequest.app/Frameworks/libswiftObjectiveC.dylib'>'>
2017-11-20 15:08:54 +0000  Skipping stripping extended attributes of item: <IDEDistributionItem: 0x7faad6746b40 'com.apple.dt.runtime.swiftQuartzCore' '<DVTFilePath:0x7faaf4f2d850:'/Users/abdulla/Library/Developer/Xcode/Archives/2017-11-20/httpRequest 20.11.17, 16.07.xcarchive/Products/Applications/httpRequest.app/Frameworks/libswiftQuartzCore.dylib'>'>
2017-11-20 15:08:54 +0000  Skipping stripping extended attributes of item: <IDEDistributionItem: 0x7faaed00b120 'com.apple.dt.runtime.swiftUIKit' '<DVTFilePath:0x7faae4843ee0:'/Users/abdulla/Library/Developer/Xcode/Archives/2017-11-20/httpRequest 20.11.17, 16.07.xcarchive/Products/Applications/httpRequest.app/Frameworks/libswiftUIKit.dylib'>'>
2017-11-20 15:08:54 +0000  Skipping stripping extended attributes of item: <IDEDistributionItem: 0x7faae4de6060 'com.apple.dt.runtime.swiftos' '<DVTFilePath:0x7faaf569c9e0:'/Users/abdulla/Library/Developer/Xcode/Archives/2017-11-20/httpRequest 20.11.17, 16.07.xcarchive/Products/Applications/httpRequest.app/Frameworks/libswiftos.dylib'>'>
2017-11-20 15:08:54 +0000  Running /usr/bin/xattr '-crs' '/var/folders/k7/k71_2nvj10ldtm_t_9nyp2p00000gn/T/XcodeDistPipeline.6vq/Root/Payload/httpRequest.app'
2017-11-20 15:08:54 +0000  /usr/bin/xattr exited with 0
2017-11-20 15:08:54 +0000  Processing step: IDEDistributionCodesignStep
2017-11-20 15:08:54 +0000  Applying entitlements delta for <IDEDistributionItem: 0x7faaf4ee4260 'com.apple.dt.runtime.swiftCore' '<DVTFilePath:0x7faae5028e90:'/Users/abdulla/Library/Developer/Xcode/Archives/2017-11-20/httpRequest 20.11.17, 16.07.xcarchive/Products/Applications/httpRequest.app/Frameworks/libswiftCore.dylib'>'> from <IDEiCloudEntitlementsProcessor: 0x7faae5036710>: {
}
2017-11-20 15:08:54 +0000  Entitlements for <IDEDistributionItem: 0x7faaf4ee4260 'com.apple.dt.runtime.swiftCore' '<DVTFilePath:0x7faae5028e90:'/Users/abdulla/Library/Developer/Xcode/Archives/2017-11-20/httpRequest 20.11.17, 16.07.xcarchive/Products/Applications/httpRequest.app/Frameworks/libswiftCore.dylib'>'>: {
}
2017-11-20 15:08:54 +0000  Writing entitlements for <IDEDistributionItem: 0x7faaf4ee4260 'com.apple.dt.runtime.swiftCore' '<DVTFilePath:0x7faae5028e90:'/Users/abdulla/Library/Developer/Xcode/Archives/2017-11-20/httpRequest 20.11.17, 16.07.xcarchive/Products/Applications/httpRequest.app/Frameworks/libswiftCore.dylib'>'> to: /var/folders/k7/k71_2nvj10ldtm_t_9nyp2p00000gn/T/XcodeDistPipeline.6vq/entitlementsRz8z6y
2017-11-20 15:08:54 +0000  Running /usr/bin/codesign '-vvv' '--force' '--sign' '9C96733538499B661385E0BF83C5481C57AF0C60' '--preserve-metadata=identifier,flags' '--entitlements' '/var/folders/k7/k71_2nvj10ldtm_t_9nyp2p00000gn/T/XcodeDistPipeline.6vq/entitlementsRz8z6y' '/var/folders/k7/k71_2nvj10ldtm_t_9nyp2p00000gn/T/XcodeDistPipeline.6vq/Root/Payload/httpRequest.app/Frameworks/libswiftCore.dylib'
2017-11-20 15:08:54 +0000  /var/folders/k7/k71_2nvj10ldtm_t_9nyp2p00000gn/T/XcodeDistPipeline.6vq/Root/Payload/httpRequest.app/Frameworks/libswiftCore.dylib: signed Mach-O universal (armv7 armv7s arm64) [com.apple.dt.runtime.swiftCore]
2017-11-20 15:08:54 +0000  /usr/bin/codesign exited with 0
2017-11-20 15:08:54 +0000  Applying entitlements delta for <IDEDistributionItem: 0x7faae3e17760 'com.apple.dt.runtime.swiftCoreFoundation' '<DVTFilePath:0x7faae4858c30:'/Users/abdulla/Library/Developer/Xcode/Archives/2017-11-20/httpRequest 20.11.17, 16.07.xcarchive/Products/Applications/httpRequest.app/Frameworks/libswiftCoreFoundation.dylib'>'> from <IDEiCloudEntitlementsProcessor: 0x7faaf5c4c4b0>: {
}
2017-11-20 15:08:54 +0000  Entitlements for <IDEDistributionItem: 0x7faae3e17760 'com.apple.dt.runtime.swiftCoreFoundation' '<DVTFilePath:0x7faae4858c30:'/Users/abdulla/Library/Developer/Xcode/Archives/2017-11-20/httpRequest 20.11.17, 16.07.xcarchive/Products/Applications/httpRequest.app/Frameworks/libswiftCoreFoundation.dylib'>'>: {
}
2017-11-20 15:08:54 +0000  Writing entitlements for <IDEDistributionItem: 0x7faae3e17760 'com.apple.dt.runtime.swiftCoreFoundation' '<DVTFilePath:0x7faae4858c30:'/Users/abdulla/Library/Developer/Xcode/Archives/2017-11-20/httpRequest 20.11.17, 16.07.xcarchive/Products/Applications/httpRequest.app/Frameworks/libswiftCoreFoundation.dylib'>'> to: /var/folders/k7/k71_2nvj10ldtm_t_9nyp2p00000gn/T/XcodeDistPipeline.6vq/entitlementsTaO26G
2017-11-20 15:08:54 +0000  Running /usr/bin/codesign '-vvv' '--force' '--sign' '9C96733538499B661385E0BF83C5481C57AF0C60' '--preserve-metadata=identifier,flags' '--entitlements' '/var/folders/k7/k71_2nvj10ldtm_t_9nyp2p00000gn/T/XcodeDistPipeline.6vq/entitlementsTaO26G' '/var/folders/k7/k71_2nvj10ldtm_t_9nyp2p00000gn/T/XcodeDistPipeline.6vq/Root/Payload/httpRequest.app/Frameworks/libswiftCoreFoundation.dylib'
2017-11-20 15:08:54 +0000  /var/folders/k7/k71_2nvj10ldtm_t_9nyp2p00000gn/T/XcodeDistPipeline.6vq/Root/Payload/httpRequest.app/Frameworks/libswiftCoreFoundation.dylib: signed Mach-O universal (armv7 armv7s arm64) [com.apple.dt.runtime.swiftCoreFoundation]
2017-11-20 15:08:54 +0000  /usr/bin/codesign exited with 0
2017-11-20 15:08:54 +0000  Applying entitlements delta for <IDEDistributionItem: 0x7faae3e77c20 'com.apple.dt.runtime.swiftCoreGraphics' '<DVTFilePath:0x7faae3ed21f0:'/Users/abdulla/Library/Developer/Xcode/Archives/2017-11-20/httpRequest 20.11.17, 16.07.xcarchive/Products/Applications/httpRequest.app/Frameworks/libswiftCoreGraphics.dylib'>'> from <IDEiCloudEntitlementsProcessor: 0x7faae50450f0>: {
}
2017-11-20 15:08:54 +0000  Entitlements for <IDEDistributionItem: 0x7faae3e77c20 'com.apple.dt.runtime.swiftCoreGraphics' '<DVTFilePath:0x7faae3ed21f0:'/Users/abdulla/Library/Developer/Xcode/Archives/2017-11-20/httpRequest 20.11.17, 16.07.xcarchive/Products/Applications/httpRequest.app/Frameworks/libswiftCoreGraphics.dylib'>'>: {
}
2017-11-20 15:08:54 +0000  Writing entitlements for <IDEDistributionItem: 0x7faae3e77c20 'com.apple.dt.runtime.swiftCoreGraphics' '<DVTFilePath:0x7faae3ed21f0:'/Users/abdulla/Library/Developer/Xcode/Archives/2017-11-20/httpRequest 20.11.17, 16.07.xcarchive/Products/Applications/httpRequest.app/Frameworks/libswiftCoreGraphics.dylib'>'> to: /var/folders/k7/k71_2nvj10ldtm_t_9nyp2p00000gn/T/XcodeDistPipeline.6vq/entitlements9oxC5J
2017-11-20 15:08:54 +0000  Running /usr/bin/codesign '-vvv' '--force' '--sign' '9C96733538499B661385E0BF83C5481C57AF0C60' '--preserve-metadata=identifier,flags' '--entitlements' '/var/folders/k7/k71_2nvj10ldtm_t_9nyp2p00000gn/T/XcodeDistPipeline.6vq/entitlements9oxC5J' '/var/folders/k7/k71_2nvj10ldtm_t_9nyp2p00000gn/T/XcodeDistPipeline.6vq/Root/Payload/httpRequest.app/Frameworks/libswiftCoreGraphics.dylib'
2017-11-20 15:08:55 +0000  /var/folders/k7/k71_2nvj10ldtm_t_9nyp2p00000gn/T/XcodeDistPipeline.6vq/Root/Payload/httpRequest.app/Frameworks/libswiftCoreGraphics.dylib: signed Mach-O universal (armv7 armv7s arm64) [com.apple.dt.runtime.swiftCoreGraphics]
2017-11-20 15:08:55 +0000  /usr/bin/codesign exited with 0
2017-11-20 15:08:55 +0000  Applying entitlements delta for <IDEDistributionItem: 0x7faad6a418c0 'com.apple.dt.runtime.swiftCoreImage' '<DVTFilePath:0x7faaf516adf0:'/Users/abdulla/Library/Developer/Xcode/Archives/2017-11-20/httpRequest 20.11.17, 16.07.xcarchive/Products/Applications/httpRequest.app/Frameworks/libswiftCoreImage.dylib'>'> from <IDEiCloudEntitlementsProcessor: 0x7faae5020550>: {
}
2017-11-20 15:08:55 +0000  Entitlements for <IDEDistributionItem: 0x7faad6a418c0 'com.apple.dt.runtime.swiftCoreImage' '<DVTFilePath:0x7faaf516adf0:'/Users/abdulla/Library/Developer/Xcode/Archives/2017-11-20/httpRequest 20.11.17, 16.07.xcarchive/Products/Applications/httpRequest.app/Frameworks/libswiftCoreImage.dylib'>'>: {
}
2017-11-20 15:08:55 +0000  Writing entitlements for <IDEDistributionItem: 0x7faad6a418c0 'com.apple.dt.runtime.swiftCoreImage' '<DVTFilePath:0x7faaf516adf0:'/Users/abdulla/Library/Developer/Xcode/Archives/2017-11-20/httpRequest 20.11.17, 16.07.xcarchive/Products/Applications/httpRequest.app/Frameworks/libswiftCoreImage.dylib'>'> to: /var/folders/k7/k71_2nvj10ldtm_t_9nyp2p00000gn/T/XcodeDistPipeline.6vq/entitlementsBxNbGH
2017-11-20 15:08:55 +0000  Running /usr/bin/codesign '-vvv' '--force' '--sign' '9C96733538499B661385E0BF83C5481C57AF0C60' '--preserve-metadata=identifier,flags' '--entitlements' '/var/folders/k7/k71_2nvj10ldtm_t_9nyp2p00000gn/T/XcodeDistPipeline.6vq/entitlementsBxNbGH' '/var/folders/k7/k71_2nvj10ldtm_t_9nyp2p00000gn/T/XcodeDistPipeline.6vq/Root/Payload/httpRequest.app/Frameworks/libswiftCoreImage.dylib'
2017-11-20 15:08:55 +0000  /var/folders/k7/k71_2nvj10ldtm_t_9nyp2p00000gn/T/XcodeDistPipeline.6vq/Root/Payload/httpRequest.app/Frameworks/libswiftCoreImage.dylib: signed Mach-O universal (armv7 armv7s arm64) [com.apple.dt.runtime.swiftCoreImage]
2017-11-20 15:08:55 +0000  /usr/bin/codesign exited with 0
2017-11-20 15:08:55 +0000  Applying entitlements delta for <IDEDistributionItem: 0x7faae3ff7ea0 'com.apple.dt.runtime.swiftDarwin' '<DVTFilePath:0x7faae3edbd00:'/Users/abdulla/Library/Developer/Xcode/Archives/2017-11-20/httpRequest 20.11.17, 16.07.xcarchive/Products/Applications/httpRequest.app/Frameworks/libswiftDarwin.dylib'>'> from <IDEiCloudEntitlementsProcessor: 0x7faadecbc6e0>: {
}
2017-11-20 15:08:55 +0000  Entitlements for <IDEDistributionItem: 0x7faae3ff7ea0 'com.apple.dt.runtime.swiftDarwin' '<DVTFilePath:0x7faae3edbd00:'/Users/abdulla/Library/Developer/Xcode/Archives/2017-11-20/httpRequest 20.11.17, 16.07.xcarchive/Products/Applications/httpRequest.app/Frameworks/libswiftDarwin.dylib'>'>: {
}
2017-11-20 15:08:55 +0000  Writing entitlements for <IDEDistributionItem: 0x7faae3ff7ea0 'com.apple.dt.runtime.swiftDarwin' '<DVTFilePath:0x7faae3edbd00:'/Users/abdulla/Library/Developer/Xcode/Archives/2017-11-20/httpRequest 20.11.17, 16.07.xcarchive/Products/Applications/httpRequest.app/Frameworks/libswiftDarwin.dylib'>'> to: /var/folders/k7/k71_2nvj10ldtm_t_9nyp2p00000gn/T/XcodeDistPipeline.6vq/entitlements6Pdnz6
2017-11-20 15:08:55 +0000  Running /usr/bin/codesign '-vvv' '--force' '--sign' '9C96733538499B661385E0BF83C5481C57AF0C60' '--preserve-metadata=identifier,flags' '--entitlements' '/var/folders/k7/k71_2nvj10ldtm_t_9nyp2p00000gn/T/XcodeDistPipeline.6vq/entitlements6Pdnz6' '/var/folders/k7/k71_2nvj10ldtm_t_9nyp2p00000gn/T/XcodeDistPipeline.6vq/Root/Payload/httpRequest.app/Frameworks/libswiftDarwin.dylib'
2017-11-20 15:08:55 +0000  /var/folders/k7/k71_2nvj10ldtm_t_9nyp2p00000gn/T/XcodeDistPipeline.6vq/Root/Payload/httpRequest.app/Frameworks/libswiftDarwin.dylib: signed Mach-O universal (armv7 armv7s arm64) [com.apple.dt.runtime.swiftDarwin]
2017-11-20 15:08:55 +0000  /usr/bin/codesign exited with 0
2017-11-20 15:08:55 +0000  Applying entitlements delta for <IDEDistributionItem: 0x7faae4a14c40 'com.apple.dt.runtime.swiftDispatch' '<DVTFilePath:0x7faae3ed7a30:'/Users/abdulla/Library/Developer/Xcode/Archives/2017-11-20/httpRequest 20.11.17, 16.07.xcarchive/Products/Applications/httpRequest.app/Frameworks/libswiftDispatch.dylib'>'> from <IDEiCloudEntitlementsProcessor: 0x7faae3f50500>: {
}
2017-11-20 15:08:55 +0000  Entitlements for <IDEDistributionItem: 0x7faae4a14c40 'com.apple.dt.runtime.swiftDispatch' '<DVTFilePath:0x7faae3ed7a30:'/Users/abdulla/Library/Developer/Xcode/Archives/2017-11-20/httpRequest 20.11.17, 16.07.xcarchive/Products/Applications/httpRequest.app/Frameworks/libswiftDispatch.dylib'>'>: {
}
2017-11-20 15:08:55 +0000  Writing entitlements for <IDEDistributionItem: 0x7faae4a14c40 'com.apple.dt.runtime.swiftDispatch' '<DVTFilePath:0x7faae3ed7a30:'/Users/abdulla/Library/Developer/Xcode/Archives/2017-11-20/httpRequest 20.11.17, 16.07.xcarchive/Products/Applications/httpRequest.app/Frameworks/libswiftDispatch.dylib'>'> to: /var/folders/k7/k71_2nvj10ldtm_t_9nyp2p00000gn/T/XcodeDistPipeline.6vq/entitlements7SJPHj
2017-11-20 15:08:55 +0000  Running /usr/bin/codesign '-vvv' '--force' '--sign' '9C96733538499B661385E0BF83C5481C57AF0C60' '--preserve-metadata=identifier,flags' '--entitlements' '/var/folders/k7/k71_2nvj10ldtm_t_9nyp2p00000gn/T/XcodeDistPipeline.6vq/entitlements7SJPHj' '/var/folders/k7/k71_2nvj10ldtm_t_9nyp2p00000gn/T/XcodeDistPipeline.6vq/Root/Payload/httpRequest.app/Frameworks/libswiftDispatch.dylib'
2017-11-20 15:08:55 +0000  /var/folders/k7/k71_2nvj10ldtm_t_9nyp2p00000gn/T/XcodeDistPipeline.6vq/Root/Payload/httpRequest.app/Frameworks/libswiftDispatch.dylib: signed Mach-O universal (armv7 armv7s arm64) [com.apple.dt.runtime.swiftDispatch]
2017-11-20 15:08:55 +0000  /usr/bin/codesign exited with 0
2017-11-20 15:08:55 +0000  Applying entitlements delta for <IDEDistributionItem: 0x7faae3fb06e0 'com.apple.dt.runtime.swiftFoundation' '<DVTFilePath:0x7faae3e1e4f0:'/Users/abdulla/Library/Developer/Xcode/Archives/2017-11-20/httpRequest 20.11.17, 16.07.xcarchive/Products/Applications/httpRequest.app/Frameworks/libswiftFoundation.dylib'>'> from <IDEiCloudEntitlementsProcessor: 0x7faae5048f50>: {
}
2017-11-20 15:08:55 +0000  Entitlements for <IDEDistributionItem: 0x7faae3fb06e0 'com.apple.dt.runtime.swiftFoundation' '<DVTFilePath:0x7faae3e1e4f0:'/Users/abdulla/Library/Developer/Xcode/Archives/2017-11-20/httpRequest 20.11.17, 16.07.xcarchive/Products/Applications/httpRequest.app/Frameworks/libswiftFoundation.dylib'>'>: {
}
2017-11-20 15:08:55 +0000  Writing entitlements for <IDEDistributionItem: 0x7faae3fb06e0 'com.apple.dt.runtime.swiftFoundation' '<DVTFilePath:0x7faae3e1e4f0:'/Users/abdulla/Library/Developer/Xcode/Archives/2017-11-20/httpRequest 20.11.17, 16.07.xcarchive/Products/Applications/httpRequest.app/Frameworks/libswiftFoundation.dylib'>'> to: /var/folders/k7/k71_2nvj10ldtm_t_9nyp2p00000gn/T/XcodeDistPipeline.6vq/entitlementsjq9lN6
2017-11-20 15:08:55 +0000  Running /usr/bin/codesign '-vvv' '--force' '--sign' '9C96733538499B661385E0BF83C5481C57AF0C60' '--preserve-metadata=identifier,flags' '--entitlements' '/var/folders/k7/k71_2nvj10ldtm_t_9nyp2p00000gn/T/XcodeDistPipeline.6vq/entitlementsjq9lN6' '/var/folders/k7/k71_2nvj10ldtm_t_9nyp2p00000gn/T/XcodeDistPipeline.6vq/Root/Payload/httpRequest.app/Frameworks/libswiftFoundation.dylib'
2017-11-20 15:08:55 +0000  /var/folders/k7/k71_2nvj10ldtm_t_9nyp2p00000gn/T/XcodeDistPipeline.6vq/Root/Payload/httpRequest.app/Frameworks/libswiftFoundation.dylib: signed Mach-O universal (armv7 armv7s arm64) [com.apple.dt.runtime.swiftFoundation]
2017-11-20 15:08:55 +0000  /usr/bin/codesign exited with 0
2017-11-20 15:08:55 +0000  Applying entitlements delta for <IDEDistributionItem: 0x7faae5048bb0 'com.apple.dt.runtime.swiftMetal' '<DVTFilePath:0x7faadee99d20:'/Users/abdulla/Library/Developer/Xcode/Archives/2017-11-20/httpRequest 20.11.17, 16.07.xcarchive/Products/Applications/httpRequest.app/Frameworks/libswiftMetal.dylib'>'> from <IDEiCloudEntitlementsProcessor: 0x7faaded96c30>: {
}
2017-11-20 15:08:55 +0000  Entitlements for <IDEDistributionItem: 0x7faae5048bb0 'com.apple.dt.runtime.swiftMetal' '<DVTFilePath:0x7faadee99d20:'/Users/abdulla/Library/Developer/Xcode/Archives/2017-11-20/httpRequest 20.11.17, 16.07.xcarchive/Products/Applications/httpRequest.app/Frameworks/libswiftMetal.dylib'>'>: {
}
2017-11-20 15:08:55 +0000  Writing entitlements for <IDEDistributionItem: 0x7faae5048bb0 'com.apple.dt.runtime.swiftMetal' '<DVTFilePath:0x7faadee99d20:'/Users/abdulla/Library/Developer/Xcode/Archives/2017-11-20/httpRequest 20.11.17, 16.07.xcarchive/Products/Applications/httpRequest.app/Frameworks/libswiftMetal.dylib'>'> to: /var/folders/k7/k71_2nvj10ldtm_t_9nyp2p00000gn/T/XcodeDistPipeline.6vq/entitlementshkbg6w
2017-11-20 15:08:55 +0000  Running /usr/bin/codesign '-vvv' '--force' '--sign' '9C96733538499B661385E0BF83C5481C57AF0C60' '--preserve-metadata=identifier,flags' '--entitlements' '/var/folders/k7/k71_2nvj10ldtm_t_9nyp2p00000gn/T/XcodeDistPipeline.6vq/entitlementshkbg6w' '/var/folders/k7/k71_2nvj10ldtm_t_9nyp2p00000gn/T/XcodeDistPipeline.6vq/Root/Payload/httpRequest.app/Frameworks/libswiftMetal.dylib'
2017-11-20 15:08:55 +0000  /var/folders/k7/k71_2nvj10ldtm_t_9nyp2p00000gn/T/XcodeDistPipeline.6vq/Root/Payload/httpRequest.app/Frameworks/libswiftMetal.dylib: signed Mach-O universal (armv7 armv7s arm64) [com.apple.dt.runtime.swiftMetal]
2017-11-20 15:08:55 +0000  /usr/bin/codesign exited with 0
2017-11-20 15:08:55 +0000  Applying entitlements delta for <IDEDistributionItem: 0x7faae3ffb510 'com.apple.dt.runtime.swiftObjectiveC' '<DVTFilePath:0x7faae492caf0:'/Users/abdulla/Library/Developer/Xcode/Archives/2017-11-20/httpRequest 20.11.17, 16.07.xcarchive/Products/Applications/httpRequest.app/Frameworks/libswiftObjectiveC.dylib'>'> from <IDEiCloudEntitlementsProcessor: 0x7faaf50dbfe0>: {
}
2017-11-20 15:08:55 +0000  Entitlements for <IDEDistributionItem: 0x7faae3ffb510 'com.apple.dt.runtime.swiftObjectiveC' '<DVTFilePath:0x7faae492caf0:'/Users/abdulla/Library/Developer/Xcode/Archives/2017-11-20/httpRequest 20.11.17, 16.07.xcarchive/Products/Applications/httpRequest.app/Frameworks/libswiftObjectiveC.dylib'>'>: {
}
2017-11-20 15:08:55 +0000  Writing entitlements for <IDEDistributionItem: 0x7faae3ffb510 'com.apple.dt.runtime.swiftObjectiveC' '<DVTFilePath:0x7faae492caf0:'/Users/abdulla/Library/Developer/Xcode/Archives/2017-11-20/httpRequest 20.11.17, 16.07.xcarchive/Products/Applications/httpRequest.app/Frameworks/libswiftObjectiveC.dylib'>'> to: /var/folders/k7/k71_2nvj10ldtm_t_9nyp2p00000gn/T/XcodeDistPipeline.6vq/entitlementsWAm5Sv
2017-11-20 15:08:55 +0000  Running /usr/bin/codesign '-vvv' '--force' '--sign' '9C96733538499B661385E0BF83C5481C57AF0C60' '--preserve-metadata=identifier,flags' '--entitlements' '/var/folders/k7/k71_2nvj10ldtm_t_9nyp2p00000gn/T/XcodeDistPipeline.6vq/entitlementsWAm5Sv' '/var/folders/k7/k71_2nvj10ldtm_t_9nyp2p00000gn/T/XcodeDistPipeline.6vq/Root/Payload/httpRequest.app/Frameworks/libswiftObjectiveC.dylib'
2017-11-20 15:08:56 +0000  /var/folders/k7/k71_2nvj10ldtm_t_9nyp2p00000gn/T/XcodeDistPipeline.6vq/Root/Payload/httpRequest.app/Frameworks/libswiftObjectiveC.dylib: signed Mach-O universal (armv7 armv7s arm64) [com.apple.dt.runtime.swiftObjectiveC]
2017-11-20 15:08:56 +0000  /usr/bin/codesign exited with 0
2017-11-20 15:08:56 +0000  Applying entitlements delta for <IDEDistributionItem: 0x7faad6746b40 'com.apple.dt.runtime.swiftQuartzCore' '<DVTFilePath:0x7faaf4f2d850:'/Users/abdulla/Library/Developer/Xcode/Archives/2017-11-20/httpRequest 20.11.17, 16.07.xcarchive/Products/Applications/httpRequest.app/Frameworks/libswiftQuartzCore.dylib'>'> from <IDEiCloudEntitlementsProcessor: 0x7faaf53e9fb0>: {
}
2017-11-20 15:08:56 +0000  Entitlements for <IDEDistributionItem: 0x7faad6746b40 'com.apple.dt.runtime.swiftQuartzCore' '<DVTFilePath:0x7faaf4f2d850:'/Users/abdulla/Library/Developer/Xcode/Archives/2017-11-20/httpRequest 20.11.17, 16.07.xcarchive/Products/Applications/httpRequest.app/Frameworks/libswiftQuartzCore.dylib'>'>: {
}
2017-11-20 15:08:56 +0000  Writing entitlements for <IDEDistributionItem: 0x7faad6746b40 'com.apple.dt.runtime.swiftQuartzCore' '<DVTFilePath:0x7faaf4f2d850:'/Users/abdulla/Library/Developer/Xcode/Archives/2017-11-20/httpRequest 20.11.17, 16.07.xcarchive/Products/Applications/httpRequest.app/Frameworks/libswiftQuartzCore.dylib'>'> to: /var/folders/k7/k71_2nvj10ldtm_t_9nyp2p00000gn/T/XcodeDistPipeline.6vq/entitlementslM7mOm
2017-11-20 15:08:56 +0000  Running /usr/bin/codesign '-vvv' '--force' '--sign' '9C96733538499B661385E0BF83C5481C57AF0C60' '--preserve-metadata=identifier,flags' '--entitlements' '/var/folders/k7/k71_2nvj10ldtm_t_9nyp2p00000gn/T/XcodeDistPipeline.6vq/entitlementslM7mOm' '/var/folders/k7/k71_2nvj10ldtm_t_9nyp2p00000gn/T/XcodeDistPipeline.6vq/Root/Payload/httpRequest.app/Frameworks/libswiftQuartzCore.dylib'
2017-11-20 15:08:56 +0000  /var/folders/k7/k71_2nvj10ldtm_t_9nyp2p00000gn/T/XcodeDistPipeline.6vq/Root/Payload/httpRequest.app/Frameworks/libswiftQuartzCore.dylib: signed Mach-O universal (armv7 armv7s arm64) [com.apple.dt.runtime.swiftQuartzCore]
2017-11-20 15:08:56 +0000  /usr/bin/codesign exited with 0
2017-11-20 15:08:56 +0000  Applying entitlements delta for <IDEDistributionItem: 0x7faaed00b120 'com.apple.dt.runtime.swiftUIKit' '<DVTFilePath:0x7faae4843ee0:'/Users/abdulla/Library/Developer/Xcode/Archives/2017-11-20/httpRequest 20.11.17, 16.07.xcarchive/Products/Applications/httpRequest.app/Frameworks/libswiftUIKit.dylib'>'> from <IDEiCloudEntitlementsProcessor: 0x7faaf61ca0c0>: {
}
2017-11-20 15:08:56 +0000  Entitlements for <IDEDistributionItem: 0x7faaed00b120 'com.apple.dt.runtime.swiftUIKit' '<DVTFilePath:0x7faae4843ee0:'/Users/abdulla/Library/Developer/Xcode/Archives/2017-11-20/httpRequest 20.11.17, 16.07.xcarchive/Products/Applications/httpRequest.app/Frameworks/libswiftUIKit.dylib'>'>: {
}
2017-11-20 15:08:56 +0000  Writing entitlements for <IDEDistributionItem: 0x7faaed00b120 'com.apple.dt.runtime.swiftUIKit' '<DVTFilePath:0x7faae4843ee0:'/Users/abdulla/Library/Developer/Xcode/Archives/2017-11-20/httpRequest 20.11.17, 16.07.xcarchive/Products/Applications/httpRequest.app/Frameworks/libswiftUIKit.dylib'>'> to: /var/folders/k7/k71_2nvj10ldtm_t_9nyp2p00000gn/T/XcodeDistPipeline.6vq/entitlementsTzgZIy
2017-11-20 15:08:56 +0000  Running /usr/bin/codesign '-vvv' '--force' '--sign' '9C96733538499B661385E0BF83C5481C57AF0C60' '--preserve-metadata=identifier,flags' '--entitlements' '/var/folders/k7/k71_2nvj10ldtm_t_9nyp2p00000gn/T/XcodeDistPipeline.6vq/entitlementsTzgZIy' '/var/folders/k7/k71_2nvj10ldtm_t_9nyp2p00000gn/T/XcodeDistPipeline.6vq/Root/Payload/httpRequest.app/Frameworks/libswiftUIKit.dylib'
2017-11-20 15:08:56 +0000  /var/folders/k7/k71_2nvj10ldtm_t_9nyp2p00000gn/T/XcodeDistPipeline.6vq/Root/Payload/httpRequest.app/Frameworks/libswiftUIKit.dylib: signed Mach-O universal (armv7 armv7s arm64) [com.apple.dt.runtime.swiftUIKit]
2017-11-20 15:08:56 +0000  /usr/bin/codesign exited with 0
2017-11-20 15:08:56 +0000  Applying entitlements delta for <IDEDistributionItem: 0x7faae4de6060 'com.apple.dt.runtime.swiftos' '<DVTFilePath:0x7faaf569c9e0:'/Users/abdulla/Library/Developer/Xcode/Archives/2017-11-20/httpRequest 20.11.17, 16.07.xcarchive/Products/Applications/httpRequest.app/Frameworks/libswiftos.dylib'>'> from <IDEiCloudEntitlementsProcessor: 0x7faaf53bfef0>: {
}
2017-11-20 15:08:56 +0000  Entitlements for <IDEDistributionItem: 0x7faae4de6060 'com.apple.dt.runtime.swiftos' '<DVTFilePath:0x7faaf569c9e0:'/Users/abdulla/Library/Developer/Xcode/Archives/2017-11-20/httpRequest 20.11.17, 16.07.xcarchive/Products/Applications/httpRequest.app/Frameworks/libswiftos.dylib'>'>: {
}
2017-11-20 15:08:56 +0000  Writing entitlements for <IDEDistributionItem: 0x7faae4de6060 'com.apple.dt.runtime.swiftos' '<DVTFilePath:0x7faaf569c9e0:'/Users/abdulla/Library/Developer/Xcode/Archives/2017-11-20/httpRequest 20.11.17, 16.07.xcarchive/Products/Applications/httpRequest.app/Frameworks/libswiftos.dylib'>'> to: /var/folders/k7/k71_2nvj10ldtm_t_9nyp2p00000gn/T/XcodeDistPipeline.6vq/entitlementsAZxMEK
2017-11-20 15:08:56 +0000  Running /usr/bin/codesign '-vvv' '--force' '--sign' '9C96733538499B661385E0BF83C5481C57AF0C60' '--preserve-metadata=identifier,flags' '--entitlements' '/var/folders/k7/k71_2nvj10ldtm_t_9nyp2p00000gn/T/XcodeDistPipeline.6vq/entitlementsAZxMEK' '/var/folders/k7/k71_2nvj10ldtm_t_9nyp2p00000gn/T/XcodeDistPipeline.6vq/Root/Payload/httpRequest.app/Frameworks/libswiftos.dylib'
2017-11-20 15:08:56 +0000  /var/folders/k7/k71_2nvj10ldtm_t_9nyp2p00000gn/T/XcodeDistPipeline.6vq/Root/Payload/httpRequest.app/Frameworks/libswiftos.dylib: signed Mach-O universal (armv7 armv7s arm64) [com.apple.dt.runtime.swiftos]
2017-11-20 15:08:56 +0000  /usr/bin/codesign exited with 0
2017-11-20 15:08:56 +0000  Applying entitlements delta for <IDEDistributionItem: 0x7faae3f43330 'com.testobject.httpRequest' '<DVTFilePath:0x7faae3f5c600:'/Users/abdulla/Library/Developer/Xcode/Archives/2017-11-20/httpRequest 20.11.17, 16.07.xcarchive/Products/Applications/httpRequest.app'>'> from <IDEiCloudEntitlementsProcessor: 0x7faae5044b70>: {
}
2017-11-20 15:08:56 +0000  Entitlements for <IDEDistributionItem: 0x7faae3f43330 'com.testobject.httpRequest' '<DVTFilePath:0x7faae3f5c600:'/Users/abdulla/Library/Developer/Xcode/Archives/2017-11-20/httpRequest 20.11.17, 16.07.xcarchive/Products/Applications/httpRequest.app'>'>: {
    "application-identifier" = "MCHY2NCZ3E.com.testobject.httpRequest";
    "com.apple.developer.team-identifier" = MCHY2NCZ3E;
    "get-task-allow" = 1;
    "keychain-access-groups" =     (
        "MCHY2NCZ3E.com.testobject.httpRequest"
    );
}
2017-11-20 15:08:56 +0000  Writing entitlements for <IDEDistributionItem: 0x7faae3f43330 'com.testobject.httpRequest' '<DVTFilePath:0x7faae3f5c600:'/Users/abdulla/Library/Developer/Xcode/Archives/2017-11-20/httpRequest 20.11.17, 16.07.xcarchive/Products/Applications/httpRequest.app'>'> to: /var/folders/k7/k71_2nvj10ldtm_t_9nyp2p00000gn/T/XcodeDistPipeline.6vq/entitlementsMsUmp8
2017-11-20 15:08:56 +0000  Running /usr/bin/codesign '-vvv' '--force' '--sign' '9C96733538499B661385E0BF83C5481C57AF0C60' '--preserve-metadata=identifier,flags' '--entitlements' '/var/folders/k7/k71_2nvj10ldtm_t_9nyp2p00000gn/T/XcodeDistPipeline.6vq/entitlementsMsUmp8' '/var/folders/k7/k71_2nvj10ldtm_t_9nyp2p00000gn/T/XcodeDistPipeline.6vq/Root/Payload/httpRequest.app'
2017-11-20 15:08:56 +0000  /var/folders/k7/k71_2nvj10ldtm_t_9nyp2p00000gn/T/XcodeDistPipeline.6vq/Root/Payload/httpRequest.app: signed app bundle with Mach-O universal (armv7 arm64) [com.testobject.httpRequest]
2017-11-20 15:08:56 +0000  /usr/bin/codesign exited with 0
2017-11-20 15:08:56 +0000  Processing step: IDEDistributionStreamingZipItemStep
2017-11-20 15:08:56 +0000  Skipping step: IDEDistributionStreamingZipItemStep because it said so
2017-11-20 15:08:56 +0000  Skipping step: IDEDistributionStreamingZipItemStep because it said so
2017-11-20 15:08:56 +0000  Skipping step: IDEDistributionStreamingZipItemStep because it said so
2017-11-20 15:08:56 +0000  Skipping step: IDEDistributionStreamingZipItemStep because it said so
2017-11-20 15:08:56 +0000  Skipping step: IDEDistributionStreamingZipItemStep because it said so
2017-11-20 15:08:56 +0000  Skipping step: IDEDistributionStreamingZipItemStep because it said so
2017-11-20 15:08:56 +0000  Skipping step: IDEDistributionStreamingZipItemStep because it said so
2017-11-20 15:08:56 +0000  Skipping step: IDEDistributionStreamingZipItemStep because it said so
2017-11-20 15:08:56 +0000  Skipping step: IDEDistributionStreamingZipItemStep because it said so
2017-11-20 15:08:56 +0000  Skipping step: IDEDistributionStreamingZipItemStep because it said so
2017-11-20 15:08:56 +0000  Skipping step: IDEDistributionStreamingZipItemStep because it said so
2017-11-20 15:08:56 +0000  Skipping step: IDEDistributionStreamingZipItemStep because it said so
2017-11-20 15:08:56 +0000  Skipping step: IDEDistributionStreamingZipItemStep because it said so
2017-11-20 15:08:56 +0000  Processing step: IDEDistributionCreateIPAStep
2017-11-20 15:08:56 +0000  Running /usr/bin/ditto '-V' '-c' '-k' '--norsrc' '/var/folders/k7/k71_2nvj10ldtm_t_9nyp2p00000gn/T/XcodeDistPipeline.6vq/Root' '/var/folders/k7/k71_2nvj10ldtm_t_9nyp2p00000gn/T/XcodeDistPipeline.6vq/Packages/httpRequest.ipa'
2017-11-20 15:08:56 +0000  >>> Copying /var/folders/k7/k71_2nvj10ldtm_t_9nyp2p00000gn/T/XcodeDistPipeline.6vq/Root 
2017-11-20 15:08:56 +0000  copying file ./AppThinning.plist ... 
2017-11-20 15:08:56 +0000  228 bytes for ./AppThinning.plist
2017-11-20 15:08:56 +0000  copying file ./Payload/httpRequest.app/_CodeSignature/CodeResources ... 
2017-11-20 15:08:56 +0000  9019 bytes for ./Payload/httpRequest.app/_CodeSignature/CodeResources
2017-11-20 15:08:56 +0000  copying file ./Payload/httpRequest.app/archived-expanded-entitlements.xcent ... 
390 bytes for ./Payload/httpRequest.app/archived-expanded-entitlements.xcent
2017-11-20 15:08:56 +0000  copying file ./Payload/httpRequest.app/Base.lproj/LaunchScreen.storyboardc/01J-lp-oVM-view-Ze5-6b-2t3.nib ... 
2017-11-20 15:08:56 +0000  1790 bytes for ./Payload/httpRequest.app/Base.lproj/LaunchScreen.storyboardc/01J-lp-oVM-view-Ze5-6b-2t3.nib
copying file ./Payload/httpRequest.app/Base.lproj/LaunchScreen.storyboardc/Info.plist ... 
2017-11-20 15:08:56 +0000  258 bytes for ./Payload/httpRequest.app/Base.lproj/LaunchScreen.storyboardc/Info.plist
copying file ./Payload/httpRequest.app/Base.lproj/LaunchScreen.storyboardc/UIViewController-01J-lp-oVM.nib ... 
2017-11-20 15:08:56 +0000  832 bytes for ./Payload/httpRequest.app/Base.lproj/LaunchScreen.storyboardc/UIViewController-01J-lp-oVM.nib
copying file ./Payload/httpRequest.app/Base.lproj/Main.storyboardc/BYZ-38-t0r-view-8bC-Xf-vdC.nib ... 
2017-11-20 15:08:56 +0000  5752 bytes for ./Payload/httpRequest.app/Base.lproj/Main.storyboardc/BYZ-38-t0r-view-8bC-Xf-vdC.nib
copying file ./Payload/httpRequest.app/Base.lproj/Main.storyboardc/Info.plist ... 
2017-11-20 15:08:56 +0000  258 bytes for ./Payload/httpRequest.app/Base.lproj/Main.storyboardc/Info.plist
copying file ./Payload/httpRequest.app/Base.lproj/Main.storyboardc/UIViewController-BYZ-38-t0r.nib ... 
2017-11-20 15:08:56 +0000  983 bytes for ./Payload/httpRequest.app/Base.lproj/Main.storyboardc/UIViewController-BYZ-38-t0r.nib
copying file ./Payload/httpRequest.app/embedded.mobileprovision ... 
2017-11-20 15:08:56 +0000  36746 bytes for ./Payload/httpRequest.app/embedded.mobileprovision
2017-11-20 15:08:56 +0000  copying file ./Payload/httpRequest.app/Frameworks/libswiftCore.dylib ... 
2017-11-20 15:08:57 +0000  21079952 bytes for ./Payload/httpRequest.app/Frameworks/libswiftCore.dylib
copying file ./Payload/httpRequest.app/Frameworks/libswiftCoreFoundation.dylib ... 
2017-11-20 15:08:57 +0000  208656 bytes for ./Payload/httpRequest.app/Frameworks/libswiftCoreFoundation.dylib
copying file ./Payload/httpRequest.app/Frameworks/libswiftCoreGraphics.dylib ... 
2017-11-20 15:08:57 +0000  578112 bytes for ./Payload/httpRequest.app/Frameworks/libswiftCoreGraphics.dylib
copying file ./Payload/httpRequest.app/Frameworks/libswiftCoreImage.dylib ... 
2017-11-20 15:08:57 +0000  209216 bytes for ./Payload/httpRequest.app/Frameworks/libswiftCoreImage.dylib
copying file ./Payload/httpRequest.app/Frameworks/libswiftDarwin.dylib ... 
2017-11-20 15:08:57 +0000  303424 bytes for ./Payload/httpRequest.app/Frameworks/libswiftDarwin.dylib
copying file ./Payload/httpRequest.app/Frameworks/libswiftDispatch.dylib ... 
2017-11-20 15:08:57 +0000  1009616 bytes for ./Payload/httpRequest.app/Frameworks/libswiftDispatch.dylib
copying file ./Payload/httpRequest.app/Frameworks/libswiftFoundation.dylib ... 
2017-11-20 15:08:58 +0000  8425680 bytes for ./Payload/httpRequest.app/Frameworks/libswiftFoundation.dylib
copying file ./Payload/httpRequest.app/Frameworks/libswiftMetal.dylib ... 
2017-11-20 15:08:58 +0000  251616 bytes for ./Payload/httpRequest.app/Frameworks/libswiftMetal.dylib
copying file ./Payload/httpRequest.app/Frameworks/libswiftObjectiveC.dylib ... 
2017-11-20 15:08:58 +0000  259296 bytes for ./Payload/httpRequest.app/Frameworks/libswiftObjectiveC.dylib
copying file ./Payload/httpRequest.app/Frameworks/libswiftos.dylib ... 
2017-11-20 15:08:58 +0000  249264 bytes for ./Payload/httpRequest.app/Frameworks/libswiftos.dylib
copying file ./Payload/httpRequest.app/Frameworks/libswiftQuartzCore.dylib ... 
2017-11-20 15:08:58 +0000  212560 bytes for ./Payload/httpRequest.app/Frameworks/libswiftQuartzCore.dylib
copying file ./Payload/httpRequest.app/Frameworks/libswiftUIKit.dylib ... 
2017-11-20 15:08:58 +0000  361840 bytes for ./Payload/httpRequest.app/Frameworks/libswiftUIKit.dylib
2017-11-20 15:08:58 +0000  copying file ./Payload/httpRequest.app/httpRequest ... 
2017-11-20 15:08:58 +0000  241440 bytes for ./Payload/httpRequest.app/httpRequest
copying file ./Payload/httpRequest.app/Info.plist ... 
2017-11-20 15:08:58 +0000  1185 bytes for ./Payload/httpRequest.app/Info.plist
copying file ./Payload/httpRequest.app/PkgInfo ... 
2017-11-20 15:08:58 +0000  8 bytes for ./Payload/httpRequest.app/PkgInfo
2017-11-20 15:08:58 +0000  /usr/bin/ditto exited with 0
2017-11-20 15:08:58 +0000  Processing step: IDEDistributionCreateManifestStep
