2018-01-10 14:49:30 +0000  Initial pipeline context: <IDEDistributionProcessingPipelineContext: 0x7f8dd1783210; archive(resolved)='<IDEArchive: 0x7f8dd0cea2d0>', distributionTask(resolved)='2', distributionMethod(resolved)='<IDEDistributionMethodDevelopmentSigned: 0x7f8dd1060dd0>', team(resolved)='<IDEProvisioningBasicTeam 0x7f8dcfd79460: teamID: MCHY2NCZ3E, teamName: TestObject GmbH>'>
	Chain (11, self inclusive):
	<IDEDistributionProcessingPipelineContext: 0x7f8dd1783210; archive = '<IDEArchive: 0x7f8dd0cea2d0>', distributionMethod='<IDEDistributionMethodDevelopmentSigned: 0x7f8dd1060dd0>', team='<IDEProvisioningBasicTeam 0x7f8dcfd79460: teamID: MCHY2NCZ3E, teamName: TestObject GmbH>'>
	<IDEDistributionProcessingPipelineContext: 0x7f8dcfb41260; archive = '<IDEArchive: 0x7f8dd0cea2d0>', distributionMethod='<IDEDistributionMethodDevelopmentSigned: 0x7f8dd1060dd0>', team='<IDEProvisioningBasicTeam 0x7f8dcfd79460: teamID: MCHY2NCZ3E, teamName: TestObject GmbH>'>
	<IDEDistributionContext: 0x7f8db5837050; archive = '<IDEArchive: 0x7f8dd0cea2d0>', distributionMethod='<IDEDistributionMethodDevelopmentSigned: 0x7f8dd1060dd0>', team='<IDEProvisioningBasicTeam 0x7f8dcfd79460: teamID: MCHY2NCZ3E, teamName: TestObject GmbH>'>
	<IDEDistributionContext: 0x7f8db5844530; archive = '<IDEArchive: 0x7f8dd0cea2d0>', distributionMethod='<IDEDistributionMethodDevelopmentSigned: 0x7f8dd1060dd0>', team='<IDEProvisioningBasicTeam 0x7f8dcfd79460: teamID: MCHY2NCZ3E, teamName: TestObject GmbH>'>
	<IDEDistributionContext: 0x7f8dd153c8f0; archive = '<IDEArchive: 0x7f8dd0cea2d0>', distributionMethod='<IDEDistributionMethodDevelopmentSigned: 0x7f8dd1060dd0>', team='<IDEProvisioningBasicTeam 0x7f8dcfd79460: teamID: MCHY2NCZ3E, teamName: TestObject GmbH>'>
	<IDEDistributionContext: 0x7f8dd158d320; archive = '<IDEArchive: 0x7f8dd0cea2d0>', distributionMethod='<IDEDistributionMethodDevelopmentSigned: 0x7f8dd1060dd0>', team='<IDEProvisioningBasicTeam 0x7f8dcfd79460: teamID: MCHY2NCZ3E, teamName: TestObject GmbH>'>
	<IDEDistributionContext: 0x7f8dcfb76470; archive = '<IDEArchive: 0x7f8dd0cea2d0>', distributionMethod='<IDEDistributionMethodDevelopmentSigned: 0x7f8dd1060dd0>', team='<IDEProvisioningBasicTeam 0x7f8dcfd79460: teamID: MCHY2NCZ3E, teamName: TestObject GmbH>'>
	<IDEDistributionContext: 0x7f8dd17b1380; archive = '<IDEArchive: 0x7f8dd0cea2d0>', distributionMethod='<IDEDistributionMethodDevelopmentSigned: 0x7f8dd1060dd0>', team='<IDEProvisioningBasicTeam 0x7f8dcfd79460: teamID: MCHY2NCZ3E, teamName: TestObject GmbH>'>
	<IDEDistributionContext: 0x7f8dd166e810; archive = '<IDEArchive: 0x7f8dd0cea2d0>', distributionMethod='<IDEDistributionMethodDevelopmentSigned: 0x7f8dd1060dd0>', team='<IDEProvisioningBasicTeam 0x7f8dcfd79460: teamID: MCHY2NCZ3E, teamName: TestObject GmbH>'>
	<IDEDistributionContext: 0x7f8db581b5b0; archive = '<IDEArchive: 0x7f8dd0cea2d0>', distributionMethod='<IDEDistributionMethodDevelopmentSigned: 0x7f8dd1060dd0>', team='(null)'>
	<IDEDistributionContext: 0x7f8db2d7cf50; archive = '<IDEArchive: 0x7f8dd0cea2d0>', distributionMethod='(null)', team='(null)'>
</IDEDistributionProcessingPipelineContext: 0x7f8dd1783210>
2018-01-10 14:49:30 +0000  Processing step: IDEDistributionCreateDestRootStep
2018-01-10 14:49:30 +0000  Processing step: IDEDistributionCopyItemStep
2018-01-10 14:49:30 +0000  Running /usr/bin/ditto '-V' '/Users/abdulla/Library/Developer/Xcode/Archives/2018-01-10/httpRequest 10.01.18, 15.48.xcarchive/Products/Applications/httpRequest.app' '/var/folders/k7/k71_2nvj10ldtm_t_9nyp2p00000gn/T/XcodeDistPipeline.e2D/Root/Payload/httpRequest.app'
2018-01-10 14:49:30 +0000  >>> Copying /Users/abdulla/Library/Developer/Xcode/Archives/2018-01-10/httpRequest 10.01.18, 15.48.xcarchive/Products/Applications/httpRequest.app 
2018-01-10 14:49:30 +0000  copying file ./_CodeSignature/CodeResources ... 
2018-01-10 14:49:30 +0000  9019 bytes for ./_CodeSignature/CodeResources
2018-01-10 14:49:30 +0000  copying file ./archived-expanded-entitlements.xcent ... 
2018-01-10 14:49:30 +0000  390 bytes for ./archived-expanded-entitlements.xcent
2018-01-10 14:49:30 +0000  copying file ./Base.lproj/LaunchScreen.storyboardc/01J-lp-oVM-view-Ze5-6b-2t3.nib ... 
2018-01-10 14:49:30 +0000  1794 bytes for ./Base.lproj/LaunchScreen.storyboardc/01J-lp-oVM-view-Ze5-6b-2t3.nib
2018-01-10 14:49:30 +0000  copying file ./Base.lproj/LaunchScreen.storyboardc/Info.plist ... 
2018-01-10 14:49:30 +0000  258 bytes for ./Base.lproj/LaunchScreen.storyboardc/Info.plist
2018-01-10 14:49:30 +0000  copying file ./Base.lproj/LaunchScreen.storyboardc/UIViewController-01J-lp-oVM.nib ... 
2018-01-10 14:49:30 +0000  832 bytes for ./Base.lproj/LaunchScreen.storyboardc/UIViewController-01J-lp-oVM.nib
2018-01-10 14:49:30 +0000  copying file ./Base.lproj/Main.storyboardc/BYZ-38-t0r-view-8bC-Xf-vdC.nib ... 
2018-01-10 14:49:30 +0000  6257 bytes for ./Base.lproj/Main.storyboardc/BYZ-38-t0r-view-8bC-Xf-vdC.nib
2018-01-10 14:49:30 +0000  copying file ./Base.lproj/Main.storyboardc/Info.plist ... 
2018-01-10 14:49:30 +0000  258 bytes for ./Base.lproj/Main.storyboardc/Info.plist
2018-01-10 14:49:30 +0000  copying file ./Base.lproj/Main.storyboardc/UIViewController-BYZ-38-t0r.nib ... 
2018-01-10 14:49:30 +0000  983 bytes for ./Base.lproj/Main.storyboardc/UIViewController-BYZ-38-t0r.nib
2018-01-10 14:49:30 +0000  copying file ./embedded.mobileprovision ... 
2018-01-10 14:49:30 +0000  36746 bytes for ./embedded.mobileprovision
2018-01-10 14:49:30 +0000  copying file ./Frameworks/libswiftCore.dylib ... 
2018-01-10 14:49:30 +0000  68838912 bytes for ./Frameworks/libswiftCore.dylib
copying file ./Frameworks/libswiftCoreFoundation.dylib ... 
2018-01-10 14:49:30 +0000  257664 bytes for ./Frameworks/libswiftCoreFoundation.dylib
copying file ./Frameworks/libswiftCoreGraphics.dylib ... 
2018-01-10 14:49:30 +0000  1268800 bytes for ./Frameworks/libswiftCoreGraphics.dylib
2018-01-10 14:49:30 +0000  copying file ./Frameworks/libswiftCoreImage.dylib ... 
2018-01-10 14:49:30 +0000  258224 bytes for ./Frameworks/libswiftCoreImage.dylib
copying file ./Frameworks/libswiftDarwin.dylib ... 
2018-01-10 14:49:30 +0000  599232 bytes for ./Frameworks/libswiftDarwin.dylib
copying file ./Frameworks/libswiftDispatch.dylib ... 
2018-01-10 14:49:30 +0000  2440688 bytes for ./Frameworks/libswiftDispatch.dylib
2018-01-10 14:49:30 +0000  copying file ./Frameworks/libswiftFoundation.dylib ... 
2018-01-10 14:49:30 +0000  27922928 bytes for ./Frameworks/libswiftFoundation.dylib
copying file ./Frameworks/libswiftMetal.dylib ... 
2018-01-10 14:49:30 +0000  399344 bytes for ./Frameworks/libswiftMetal.dylib
copying file ./Frameworks/libswiftObjectiveC.dylib ... 
2018-01-10 14:49:30 +0000  505744 bytes for ./Frameworks/libswiftObjectiveC.dylib
2018-01-10 14:49:30 +0000  copying file ./Frameworks/libswiftos.dylib ... 
2018-01-10 14:49:30 +0000  446352 bytes for ./Frameworks/libswiftos.dylib
2018-01-10 14:49:30 +0000  copying file ./Frameworks/libswiftQuartzCore.dylib ... 
2018-01-10 14:49:30 +0000  310928 bytes for ./Frameworks/libswiftQuartzCore.dylib
copying file ./Frameworks/libswiftUIKit.dylib ... 
2018-01-10 14:49:30 +0000  789136 bytes for ./Frameworks/libswiftUIKit.dylib
2018-01-10 14:49:30 +0000  copying file ./httpRequest ... 
2018-01-10 14:49:30 +0000  587584 bytes for ./httpRequest
2018-01-10 14:49:30 +0000  copying file ./Info.plist ... 
2018-01-10 14:49:30 +0000  1185 bytes for ./Info.plist
copying file ./PkgInfo ... 
2018-01-10 14:49:30 +0000  8 bytes for ./PkgInfo
2018-01-10 14:49:30 +0000  /usr/bin/ditto exited with 0
2018-01-10 14:49:30 +0000  Processing step: IDEDistributionEmbedProfileStep
2018-01-10 14:49:30 +0000  Skipping profile for item: <IDEDistributionItem: 0x7f8dd1654ca0 'com.apple.dt.runtime.swiftCore' '<DVTFilePath:0x7f8dd10e8340:'/Users/abdulla/Library/Developer/Xcode/Archives/2018-01-10/httpRequest 10.01.18, 15.48.xcarchive/Products/Applications/httpRequest.app/Frameworks/libswiftCore.dylib'>'>
2018-01-10 14:49:30 +0000  Skipping profile for item: <IDEDistributionItem: 0x7f8dcaf6b790 'com.apple.dt.runtime.swiftCoreFoundation' '<DVTFilePath:0x7f8db2c8b430:'/Users/abdulla/Library/Developer/Xcode/Archives/2018-01-10/httpRequest 10.01.18, 15.48.xcarchive/Products/Applications/httpRequest.app/Frameworks/libswiftCoreFoundation.dylib'>'>
2018-01-10 14:49:30 +0000  Skipping profile for item: <IDEDistributionItem: 0x7f8db2ca03c0 'com.apple.dt.runtime.swiftCoreGraphics' '<DVTFilePath:0x7f8dd194a2f0:'/Users/abdulla/Library/Developer/Xcode/Archives/2018-01-10/httpRequest 10.01.18, 15.48.xcarchive/Products/Applications/httpRequest.app/Frameworks/libswiftCoreGraphics.dylib'>'>
2018-01-10 14:49:30 +0000  Skipping profile for item: <IDEDistributionItem: 0x7f8db5a1f9f0 'com.apple.dt.runtime.swiftCoreImage' '<DVTFilePath:0x7f8db2ce1bf0:'/Users/abdulla/Library/Developer/Xcode/Archives/2018-01-10/httpRequest 10.01.18, 15.48.xcarchive/Products/Applications/httpRequest.app/Frameworks/libswiftCoreImage.dylib'>'>
2018-01-10 14:49:30 +0000  Skipping profile for item: <IDEDistributionItem: 0x7f8dcaf62ba0 'com.apple.dt.runtime.swiftDarwin' '<DVTFilePath:0x7f8db2c86ca0:'/Users/abdulla/Library/Developer/Xcode/Archives/2018-01-10/httpRequest 10.01.18, 15.48.xcarchive/Products/Applications/httpRequest.app/Frameworks/libswiftDarwin.dylib'>'>
2018-01-10 14:49:30 +0000  Skipping profile for item: <IDEDistributionItem: 0x7f8db2cc61f0 'com.apple.dt.runtime.swiftDispatch' '<DVTFilePath:0x7f8db5a1b710:'/Users/abdulla/Library/Developer/Xcode/Archives/2018-01-10/httpRequest 10.01.18, 15.48.xcarchive/Products/Applications/httpRequest.app/Frameworks/libswiftDispatch.dylib'>'>
2018-01-10 14:49:30 +0000  Skipping profile for item: <IDEDistributionItem: 0x7f8db2cc2210 'com.apple.dt.runtime.swiftFoundation' '<DVTFilePath:0x7f8dd18ccf30:'/Users/abdulla/Library/Developer/Xcode/Archives/2018-01-10/httpRequest 10.01.18, 15.48.xcarchive/Products/Applications/httpRequest.app/Frameworks/libswiftFoundation.dylib'>'>
2018-01-10 14:49:30 +0000  Skipping profile for item: <IDEDistributionItem: 0x7f8dd15aadc0 'com.apple.dt.runtime.swiftMetal' '<DVTFilePath:0x7f8db5a4ad80:'/Users/abdulla/Library/Developer/Xcode/Archives/2018-01-10/httpRequest 10.01.18, 15.48.xcarchive/Products/Applications/httpRequest.app/Frameworks/libswiftMetal.dylib'>'>
2018-01-10 14:49:30 +0000  Skipping profile for item: <IDEDistributionItem: 0x7f8dd10594c0 'com.apple.dt.runtime.swiftObjectiveC' '<DVTFilePath:0x7f8db2c7b2c0:'/Users/abdulla/Library/Developer/Xcode/Archives/2018-01-10/httpRequest 10.01.18, 15.48.xcarchive/Products/Applications/httpRequest.app/Frameworks/libswiftObjectiveC.dylib'>'>
2018-01-10 14:49:30 +0000  Skipping profile for item: <IDEDistributionItem: 0x7f8db5a47260 'com.apple.dt.runtime.swiftQuartzCore' '<DVTFilePath:0x7f8db2c60e70:'/Users/abdulla/Library/Developer/Xcode/Archives/2018-01-10/httpRequest 10.01.18, 15.48.xcarchive/Products/Applications/httpRequest.app/Frameworks/libswiftQuartzCore.dylib'>'>
2018-01-10 14:49:30 +0000  Skipping profile for item: <IDEDistributionItem: 0x7f8db5a14660 'com.apple.dt.runtime.swiftUIKit' '<DVTFilePath:0x7f8db2cf2510:'/Users/abdulla/Library/Developer/Xcode/Archives/2018-01-10/httpRequest 10.01.18, 15.48.xcarchive/Products/Applications/httpRequest.app/Frameworks/libswiftUIKit.dylib'>'>
2018-01-10 14:49:30 +0000  Skipping profile for item: <IDEDistributionItem: 0x7f8db2cb8fc0 'com.apple.dt.runtime.swiftos' '<DVTFilePath:0x7f8db2c7e090:'/Users/abdulla/Library/Developer/Xcode/Archives/2018-01-10/httpRequest 10.01.18, 15.48.xcarchive/Products/Applications/httpRequest.app/Frameworks/libswiftos.dylib'>'>
2018-01-10 14:49:30 +0000  Processing step: IDEDistributionAppThinningPlistStep
2018-01-10 14:49:30 +0000  Processing step: IDEDistributionCompileBitcodeStep
2018-01-10 14:49:30 +0000  Skipping step: IDEDistributionCompileBitcodeStep because it said so
2018-01-10 14:49:30 +0000  Processing step: IDEDistributionCodeSlimmingStep
2018-01-10 14:49:30 +0000  Processing step: IDEDistributionCopyBCSymbolMapsStep
2018-01-10 14:49:30 +0000  Skipping step: IDEDistributionCopyBCSymbolMapsStep because it said so
2018-01-10 14:49:30 +0000  Skipping step: IDEDistributionCopyBCSymbolMapsStep because it said so
2018-01-10 14:49:30 +0000  Skipping step: IDEDistributionCopyBCSymbolMapsStep because it said so
2018-01-10 14:49:30 +0000  Skipping step: IDEDistributionCopyBCSymbolMapsStep because it said so
2018-01-10 14:49:30 +0000  Skipping step: IDEDistributionCopyBCSymbolMapsStep because it said so
2018-01-10 14:49:30 +0000  Skipping step: IDEDistributionCopyBCSymbolMapsStep because it said so
2018-01-10 14:49:30 +0000  Skipping step: IDEDistributionCopyBCSymbolMapsStep because it said so
2018-01-10 14:49:30 +0000  Skipping step: IDEDistributionCopyBCSymbolMapsStep because it said so
2018-01-10 14:49:30 +0000  Skipping step: IDEDistributionCopyBCSymbolMapsStep because it said so
2018-01-10 14:49:30 +0000  Skipping step: IDEDistributionCopyBCSymbolMapsStep because it said so
2018-01-10 14:49:30 +0000  Skipping step: IDEDistributionCopyBCSymbolMapsStep because it said so
2018-01-10 14:49:30 +0000  Skipping step: IDEDistributionCopyBCSymbolMapsStep because it said so
2018-01-10 14:49:30 +0000  Skipping step: IDEDistributionCopyBCSymbolMapsStep because it said so
2018-01-10 14:49:30 +0000  Processing step: IDEDistributionSymbolsStep
2018-01-10 14:49:30 +0000  Skipping step: IDEDistributionSymbolsStep because it said so
2018-01-10 14:49:30 +0000  Skipping step: IDEDistributionSymbolsStep because it said so
2018-01-10 14:49:30 +0000  Skipping step: IDEDistributionSymbolsStep because it said so
2018-01-10 14:49:30 +0000  Skipping step: IDEDistributionSymbolsStep because it said so
2018-01-10 14:49:30 +0000  Skipping step: IDEDistributionSymbolsStep because it said so
2018-01-10 14:49:30 +0000  Skipping step: IDEDistributionSymbolsStep because it said so
2018-01-10 14:49:30 +0000  Skipping step: IDEDistributionSymbolsStep because it said so
2018-01-10 14:49:30 +0000  Skipping step: IDEDistributionSymbolsStep because it said so
2018-01-10 14:49:30 +0000  Skipping step: IDEDistributionSymbolsStep because it said so
2018-01-10 14:49:30 +0000  Skipping step: IDEDistributionSymbolsStep because it said so
2018-01-10 14:49:30 +0000  Skipping step: IDEDistributionSymbolsStep because it said so
2018-01-10 14:49:30 +0000  Skipping step: IDEDistributionSymbolsStep because it said so
2018-01-10 14:49:30 +0000  Skipping step: IDEDistributionSymbolsStep because it said so
2018-01-10 14:49:30 +0000  Processing step: IDEDistributionAppThinningStep
2018-01-10 14:49:30 +0000  Skipping step: IDEDistributionAppThinningStep because it said so
2018-01-10 14:49:30 +0000  Processing step: IDEDistributionODRStep
2018-01-10 14:49:30 +0000  Processing step: IDEDistributionStripXattrsStep
2018-01-10 14:49:30 +0000  Skipping stripping extended attributes of item: <IDEDistributionItem: 0x7f8dd1654ca0 'com.apple.dt.runtime.swiftCore' '<DVTFilePath:0x7f8dd10e8340:'/Users/abdulla/Library/Developer/Xcode/Archives/2018-01-10/httpRequest 10.01.18, 15.48.xcarchive/Products/Applications/httpRequest.app/Frameworks/libswiftCore.dylib'>'>
2018-01-10 14:49:30 +0000  Skipping stripping extended attributes of item: <IDEDistributionItem: 0x7f8dcaf6b790 'com.apple.dt.runtime.swiftCoreFoundation' '<DVTFilePath:0x7f8db2c8b430:'/Users/abdulla/Library/Developer/Xcode/Archives/2018-01-10/httpRequest 10.01.18, 15.48.xcarchive/Products/Applications/httpRequest.app/Frameworks/libswiftCoreFoundation.dylib'>'>
2018-01-10 14:49:30 +0000  Skipping stripping extended attributes of item: <IDEDistributionItem: 0x7f8db2ca03c0 'com.apple.dt.runtime.swiftCoreGraphics' '<DVTFilePath:0x7f8dd194a2f0:'/Users/abdulla/Library/Developer/Xcode/Archives/2018-01-10/httpRequest 10.01.18, 15.48.xcarchive/Products/Applications/httpRequest.app/Frameworks/libswiftCoreGraphics.dylib'>'>
2018-01-10 14:49:30 +0000  Skipping stripping extended attributes of item: <IDEDistributionItem: 0x7f8db5a1f9f0 'com.apple.dt.runtime.swiftCoreImage' '<DVTFilePath:0x7f8db2ce1bf0:'/Users/abdulla/Library/Developer/Xcode/Archives/2018-01-10/httpRequest 10.01.18, 15.48.xcarchive/Products/Applications/httpRequest.app/Frameworks/libswiftCoreImage.dylib'>'>
2018-01-10 14:49:30 +0000  Skipping stripping extended attributes of item: <IDEDistributionItem: 0x7f8dcaf62ba0 'com.apple.dt.runtime.swiftDarwin' '<DVTFilePath:0x7f8db2c86ca0:'/Users/abdulla/Library/Developer/Xcode/Archives/2018-01-10/httpRequest 10.01.18, 15.48.xcarchive/Products/Applications/httpRequest.app/Frameworks/libswiftDarwin.dylib'>'>
2018-01-10 14:49:30 +0000  Skipping stripping extended attributes of item: <IDEDistributionItem: 0x7f8db2cc61f0 'com.apple.dt.runtime.swiftDispatch' '<DVTFilePath:0x7f8db5a1b710:'/Users/abdulla/Library/Developer/Xcode/Archives/2018-01-10/httpRequest 10.01.18, 15.48.xcarchive/Products/Applications/httpRequest.app/Frameworks/libswiftDispatch.dylib'>'>
2018-01-10 14:49:30 +0000  Skipping stripping extended attributes of item: <IDEDistributionItem: 0x7f8db2cc2210 'com.apple.dt.runtime.swiftFoundation' '<DVTFilePath:0x7f8dd18ccf30:'/Users/abdulla/Library/Developer/Xcode/Archives/2018-01-10/httpRequest 10.01.18, 15.48.xcarchive/Products/Applications/httpRequest.app/Frameworks/libswiftFoundation.dylib'>'>
2018-01-10 14:49:30 +0000  Skipping stripping extended attributes of item: <IDEDistributionItem: 0x7f8dd15aadc0 'com.apple.dt.runtime.swiftMetal' '<DVTFilePath:0x7f8db5a4ad80:'/Users/abdulla/Library/Developer/Xcode/Archives/2018-01-10/httpRequest 10.01.18, 15.48.xcarchive/Products/Applications/httpRequest.app/Frameworks/libswiftMetal.dylib'>'>
2018-01-10 14:49:30 +0000  Skipping stripping extended attributes of item: <IDEDistributionItem: 0x7f8dd10594c0 'com.apple.dt.runtime.swiftObjectiveC' '<DVTFilePath:0x7f8db2c7b2c0:'/Users/abdulla/Library/Developer/Xcode/Archives/2018-01-10/httpRequest 10.01.18, 15.48.xcarchive/Products/Applications/httpRequest.app/Frameworks/libswiftObjectiveC.dylib'>'>
2018-01-10 14:49:30 +0000  Skipping stripping extended attributes of item: <IDEDistributionItem: 0x7f8db5a47260 'com.apple.dt.runtime.swiftQuartzCore' '<DVTFilePath:0x7f8db2c60e70:'/Users/abdulla/Library/Developer/Xcode/Archives/2018-01-10/httpRequest 10.01.18, 15.48.xcarchive/Products/Applications/httpRequest.app/Frameworks/libswiftQuartzCore.dylib'>'>
2018-01-10 14:49:30 +0000  Skipping stripping extended attributes of item: <IDEDistributionItem: 0x7f8db5a14660 'com.apple.dt.runtime.swiftUIKit' '<DVTFilePath:0x7f8db2cf2510:'/Users/abdulla/Library/Developer/Xcode/Archives/2018-01-10/httpRequest 10.01.18, 15.48.xcarchive/Products/Applications/httpRequest.app/Frameworks/libswiftUIKit.dylib'>'>
2018-01-10 14:49:30 +0000  Skipping stripping extended attributes of item: <IDEDistributionItem: 0x7f8db2cb8fc0 'com.apple.dt.runtime.swiftos' '<DVTFilePath:0x7f8db2c7e090:'/Users/abdulla/Library/Developer/Xcode/Archives/2018-01-10/httpRequest 10.01.18, 15.48.xcarchive/Products/Applications/httpRequest.app/Frameworks/libswiftos.dylib'>'>
2018-01-10 14:49:30 +0000  Running /usr/bin/xattr '-crs' '/var/folders/k7/k71_2nvj10ldtm_t_9nyp2p00000gn/T/XcodeDistPipeline.e2D/Root/Payload/httpRequest.app'
2018-01-10 14:49:31 +0000  /usr/bin/xattr exited with 0
2018-01-10 14:49:31 +0000  Processing step: IDEDistributionCodesignStep
2018-01-10 14:49:31 +0000  Applying entitlements delta for <IDEDistributionItem: 0x7f8dd1654ca0 'com.apple.dt.runtime.swiftCore' '<DVTFilePath:0x7f8dd10e8340:'/Users/abdulla/Library/Developer/Xcode/Archives/2018-01-10/httpRequest 10.01.18, 15.48.xcarchive/Products/Applications/httpRequest.app/Frameworks/libswiftCore.dylib'>'> from <IDEiCloudEntitlementsProcessor: 0x7f8dd10d9890>: {
}
2018-01-10 14:49:31 +0000  Entitlements for <IDEDistributionItem: 0x7f8dd1654ca0 'com.apple.dt.runtime.swiftCore' '<DVTFilePath:0x7f8dd10e8340:'/Users/abdulla/Library/Developer/Xcode/Archives/2018-01-10/httpRequest 10.01.18, 15.48.xcarchive/Products/Applications/httpRequest.app/Frameworks/libswiftCore.dylib'>'>: {
}
2018-01-10 14:49:31 +0000  Writing entitlements for <IDEDistributionItem: 0x7f8dd1654ca0 'com.apple.dt.runtime.swiftCore' '<DVTFilePath:0x7f8dd10e8340:'/Users/abdulla/Library/Developer/Xcode/Archives/2018-01-10/httpRequest 10.01.18, 15.48.xcarchive/Products/Applications/httpRequest.app/Frameworks/libswiftCore.dylib'>'> to: /var/folders/k7/k71_2nvj10ldtm_t_9nyp2p00000gn/T/XcodeDistPipeline.e2D/entitlementskqwa8x
2018-01-10 14:49:31 +0000  Running /usr/bin/codesign '-vvv' '--force' '--sign' '9C96733538499B661385E0BF83C5481C57AF0C60' '--preserve-metadata=identifier,flags' '--entitlements' '/var/folders/k7/k71_2nvj10ldtm_t_9nyp2p00000gn/T/XcodeDistPipeline.e2D/entitlementskqwa8x' '/var/folders/k7/k71_2nvj10ldtm_t_9nyp2p00000gn/T/XcodeDistPipeline.e2D/Root/Payload/httpRequest.app/Frameworks/libswiftCore.dylib'
2018-01-10 14:49:31 +0000  /var/folders/k7/k71_2nvj10ldtm_t_9nyp2p00000gn/T/XcodeDistPipeline.e2D/Root/Payload/httpRequest.app/Frameworks/libswiftCore.dylib: signed Mach-O universal (armv7 armv7s arm64) [com.apple.dt.runtime.swiftCore]
2018-01-10 14:49:31 +0000  /usr/bin/codesign exited with 0
2018-01-10 14:49:31 +0000  Applying entitlements delta for <IDEDistributionItem: 0x7f8dcaf6b790 'com.apple.dt.runtime.swiftCoreFoundation' '<DVTFilePath:0x7f8db2c8b430:'/Users/abdulla/Library/Developer/Xcode/Archives/2018-01-10/httpRequest 10.01.18, 15.48.xcarchive/Products/Applications/httpRequest.app/Frameworks/libswiftCoreFoundation.dylib'>'> from <IDEiCloudEntitlementsProcessor: 0x7f8dcffdbf80>: {
}
2018-01-10 14:49:31 +0000  Entitlements for <IDEDistributionItem: 0x7f8dcaf6b790 'com.apple.dt.runtime.swiftCoreFoundation' '<DVTFilePath:0x7f8db2c8b430:'/Users/abdulla/Library/Developer/Xcode/Archives/2018-01-10/httpRequest 10.01.18, 15.48.xcarchive/Products/Applications/httpRequest.app/Frameworks/libswiftCoreFoundation.dylib'>'>: {
}
2018-01-10 14:49:31 +0000  Writing entitlements for <IDEDistributionItem: 0x7f8dcaf6b790 'com.apple.dt.runtime.swiftCoreFoundation' '<DVTFilePath:0x7f8db2c8b430:'/Users/abdulla/Library/Developer/Xcode/Archives/2018-01-10/httpRequest 10.01.18, 15.48.xcarchive/Products/Applications/httpRequest.app/Frameworks/libswiftCoreFoundation.dylib'>'> to: /var/folders/k7/k71_2nvj10ldtm_t_9nyp2p00000gn/T/XcodeDistPipeline.e2D/entitlementswJK1k0
2018-01-10 14:49:31 +0000  Running /usr/bin/codesign '-vvv' '--force' '--sign' '9C96733538499B661385E0BF83C5481C57AF0C60' '--preserve-metadata=identifier,flags' '--entitlements' '/var/folders/k7/k71_2nvj10ldtm_t_9nyp2p00000gn/T/XcodeDistPipeline.e2D/entitlementswJK1k0' '/var/folders/k7/k71_2nvj10ldtm_t_9nyp2p00000gn/T/XcodeDistPipeline.e2D/Root/Payload/httpRequest.app/Frameworks/libswiftCoreFoundation.dylib'
2018-01-10 14:49:31 +0000  /var/folders/k7/k71_2nvj10ldtm_t_9nyp2p00000gn/T/XcodeDistPipeline.e2D/Root/Payload/httpRequest.app/Frameworks/libswiftCoreFoundation.dylib: signed Mach-O universal (armv7 armv7s arm64) [com.apple.dt.runtime.swiftCoreFoundation]
2018-01-10 14:49:31 +0000  /usr/bin/codesign exited with 0
2018-01-10 14:49:31 +0000  Applying entitlements delta for <IDEDistributionItem: 0x7f8db2ca03c0 'com.apple.dt.runtime.swiftCoreGraphics' '<DVTFilePath:0x7f8dd194a2f0:'/Users/abdulla/Library/Developer/Xcode/Archives/2018-01-10/httpRequest 10.01.18, 15.48.xcarchive/Products/Applications/httpRequest.app/Frameworks/libswiftCoreGraphics.dylib'>'> from <IDEiCloudEntitlementsProcessor: 0x7f8dd0fc4220>: {
}
2018-01-10 14:49:31 +0000  Entitlements for <IDEDistributionItem: 0x7f8db2ca03c0 'com.apple.dt.runtime.swiftCoreGraphics' '<DVTFilePath:0x7f8dd194a2f0:'/Users/abdulla/Library/Developer/Xcode/Archives/2018-01-10/httpRequest 10.01.18, 15.48.xcarchive/Products/Applications/httpRequest.app/Frameworks/libswiftCoreGraphics.dylib'>'>: {
}
2018-01-10 14:49:31 +0000  Writing entitlements for <IDEDistributionItem: 0x7f8db2ca03c0 'com.apple.dt.runtime.swiftCoreGraphics' '<DVTFilePath:0x7f8dd194a2f0:'/Users/abdulla/Library/Developer/Xcode/Archives/2018-01-10/httpRequest 10.01.18, 15.48.xcarchive/Products/Applications/httpRequest.app/Frameworks/libswiftCoreGraphics.dylib'>'> to: /var/folders/k7/k71_2nvj10ldtm_t_9nyp2p00000gn/T/XcodeDistPipeline.e2D/entitlementsz4U0wS
2018-01-10 14:49:31 +0000  Running /usr/bin/codesign '-vvv' '--force' '--sign' '9C96733538499B661385E0BF83C5481C57AF0C60' '--preserve-metadata=identifier,flags' '--entitlements' '/var/folders/k7/k71_2nvj10ldtm_t_9nyp2p00000gn/T/XcodeDistPipeline.e2D/entitlementsz4U0wS' '/var/folders/k7/k71_2nvj10ldtm_t_9nyp2p00000gn/T/XcodeDistPipeline.e2D/Root/Payload/httpRequest.app/Frameworks/libswiftCoreGraphics.dylib'
2018-01-10 14:49:31 +0000  /var/folders/k7/k71_2nvj10ldtm_t_9nyp2p00000gn/T/XcodeDistPipeline.e2D/Root/Payload/httpRequest.app/Frameworks/libswiftCoreGraphics.dylib: signed Mach-O universal (armv7 armv7s arm64) [com.apple.dt.runtime.swiftCoreGraphics]
2018-01-10 14:49:31 +0000  /usr/bin/codesign exited with 0
2018-01-10 14:49:31 +0000  Applying entitlements delta for <IDEDistributionItem: 0x7f8db5a1f9f0 'com.apple.dt.runtime.swiftCoreImage' '<DVTFilePath:0x7f8db2ce1bf0:'/Users/abdulla/Library/Developer/Xcode/Archives/2018-01-10/httpRequest 10.01.18, 15.48.xcarchive/Products/Applications/httpRequest.app/Frameworks/libswiftCoreImage.dylib'>'> from <IDEiCloudEntitlementsProcessor: 0x7f8dca2ec960>: {
}
2018-01-10 14:49:31 +0000  Entitlements for <IDEDistributionItem: 0x7f8db5a1f9f0 'com.apple.dt.runtime.swiftCoreImage' '<DVTFilePath:0x7f8db2ce1bf0:'/Users/abdulla/Library/Developer/Xcode/Archives/2018-01-10/httpRequest 10.01.18, 15.48.xcarchive/Products/Applications/httpRequest.app/Frameworks/libswiftCoreImage.dylib'>'>: {
}
2018-01-10 14:49:31 +0000  Writing entitlements for <IDEDistributionItem: 0x7f8db5a1f9f0 'com.apple.dt.runtime.swiftCoreImage' '<DVTFilePath:0x7f8db2ce1bf0:'/Users/abdulla/Library/Developer/Xcode/Archives/2018-01-10/httpRequest 10.01.18, 15.48.xcarchive/Products/Applications/httpRequest.app/Frameworks/libswiftCoreImage.dylib'>'> to: /var/folders/k7/k71_2nvj10ldtm_t_9nyp2p00000gn/T/XcodeDistPipeline.e2D/entitlementsdB8KbX
2018-01-10 14:49:31 +0000  Running /usr/bin/codesign '-vvv' '--force' '--sign' '9C96733538499B661385E0BF83C5481C57AF0C60' '--preserve-metadata=identifier,flags' '--entitlements' '/var/folders/k7/k71_2nvj10ldtm_t_9nyp2p00000gn/T/XcodeDistPipeline.e2D/entitlementsdB8KbX' '/var/folders/k7/k71_2nvj10ldtm_t_9nyp2p00000gn/T/XcodeDistPipeline.e2D/Root/Payload/httpRequest.app/Frameworks/libswiftCoreImage.dylib'
2018-01-10 14:49:32 +0000  /var/folders/k7/k71_2nvj10ldtm_t_9nyp2p00000gn/T/XcodeDistPipeline.e2D/Root/Payload/httpRequest.app/Frameworks/libswiftCoreImage.dylib: signed Mach-O universal (armv7 armv7s arm64) [com.apple.dt.runtime.swiftCoreImage]
2018-01-10 14:49:32 +0000  /usr/bin/codesign exited with 0
2018-01-10 14:49:32 +0000  Applying entitlements delta for <IDEDistributionItem: 0x7f8dcaf62ba0 'com.apple.dt.runtime.swiftDarwin' '<DVTFilePath:0x7f8db2c86ca0:'/Users/abdulla/Library/Developer/Xcode/Archives/2018-01-10/httpRequest 10.01.18, 15.48.xcarchive/Products/Applications/httpRequest.app/Frameworks/libswiftDarwin.dylib'>'> from <IDEiCloudEntitlementsProcessor: 0x7f8db5822df0>: {
}
2018-01-10 14:49:32 +0000  Entitlements for <IDEDistributionItem: 0x7f8dcaf62ba0 'com.apple.dt.runtime.swiftDarwin' '<DVTFilePath:0x7f8db2c86ca0:'/Users/abdulla/Library/Developer/Xcode/Archives/2018-01-10/httpRequest 10.01.18, 15.48.xcarchive/Products/Applications/httpRequest.app/Frameworks/libswiftDarwin.dylib'>'>: {
}
2018-01-10 14:49:32 +0000  Writing entitlements for <IDEDistributionItem: 0x7f8dcaf62ba0 'com.apple.dt.runtime.swiftDarwin' '<DVTFilePath:0x7f8db2c86ca0:'/Users/abdulla/Library/Developer/Xcode/Archives/2018-01-10/httpRequest 10.01.18, 15.48.xcarchive/Products/Applications/httpRequest.app/Frameworks/libswiftDarwin.dylib'>'> to: /var/folders/k7/k71_2nvj10ldtm_t_9nyp2p00000gn/T/XcodeDistPipeline.e2D/entitlements4WlzV1
2018-01-10 14:49:32 +0000  Running /usr/bin/codesign '-vvv' '--force' '--sign' '9C96733538499B661385E0BF83C5481C57AF0C60' '--preserve-metadata=identifier,flags' '--entitlements' '/var/folders/k7/k71_2nvj10ldtm_t_9nyp2p00000gn/T/XcodeDistPipeline.e2D/entitlements4WlzV1' '/var/folders/k7/k71_2nvj10ldtm_t_9nyp2p00000gn/T/XcodeDistPipeline.e2D/Root/Payload/httpRequest.app/Frameworks/libswiftDarwin.dylib'
2018-01-10 14:49:32 +0000  /var/folders/k7/k71_2nvj10ldtm_t_9nyp2p00000gn/T/XcodeDistPipeline.e2D/Root/Payload/httpRequest.app/Frameworks/libswiftDarwin.dylib: signed Mach-O universal (armv7 armv7s arm64) [com.apple.dt.runtime.swiftDarwin]
2018-01-10 14:49:32 +0000  /usr/bin/codesign exited with 0
2018-01-10 14:49:32 +0000  Applying entitlements delta for <IDEDistributionItem: 0x7f8db2cc61f0 'com.apple.dt.runtime.swiftDispatch' '<DVTFilePath:0x7f8db5a1b710:'/Users/abdulla/Library/Developer/Xcode/Archives/2018-01-10/httpRequest 10.01.18, 15.48.xcarchive/Products/Applications/httpRequest.app/Frameworks/libswiftDispatch.dylib'>'> from <IDEiCloudEntitlementsProcessor: 0x7f8db5828220>: {
}
2018-01-10 14:49:32 +0000  Entitlements for <IDEDistributionItem: 0x7f8db2cc61f0 'com.apple.dt.runtime.swiftDispatch' '<DVTFilePath:0x7f8db5a1b710:'/Users/abdulla/Library/Developer/Xcode/Archives/2018-01-10/httpRequest 10.01.18, 15.48.xcarchive/Products/Applications/httpRequest.app/Frameworks/libswiftDispatch.dylib'>'>: {
}
2018-01-10 14:49:32 +0000  Writing entitlements for <IDEDistributionItem: 0x7f8db2cc61f0 'com.apple.dt.runtime.swiftDispatch' '<DVTFilePath:0x7f8db5a1b710:'/Users/abdulla/Library/Developer/Xcode/Archives/2018-01-10/httpRequest 10.01.18, 15.48.xcarchive/Products/Applications/httpRequest.app/Frameworks/libswiftDispatch.dylib'>'> to: /var/folders/k7/k71_2nvj10ldtm_t_9nyp2p00000gn/T/XcodeDistPipeline.e2D/entitlementsxyJOKZ
2018-01-10 14:49:32 +0000  Running /usr/bin/codesign '-vvv' '--force' '--sign' '9C96733538499B661385E0BF83C5481C57AF0C60' '--preserve-metadata=identifier,flags' '--entitlements' '/var/folders/k7/k71_2nvj10ldtm_t_9nyp2p00000gn/T/XcodeDistPipeline.e2D/entitlementsxyJOKZ' '/var/folders/k7/k71_2nvj10ldtm_t_9nyp2p00000gn/T/XcodeDistPipeline.e2D/Root/Payload/httpRequest.app/Frameworks/libswiftDispatch.dylib'
2018-01-10 14:49:32 +0000  /var/folders/k7/k71_2nvj10ldtm_t_9nyp2p00000gn/T/XcodeDistPipeline.e2D/Root/Payload/httpRequest.app/Frameworks/libswiftDispatch.dylib: signed Mach-O universal (armv7 armv7s arm64) [com.apple.dt.runtime.swiftDispatch]
2018-01-10 14:49:32 +0000  /usr/bin/codesign exited with 0
2018-01-10 14:49:32 +0000  Applying entitlements delta for <IDEDistributionItem: 0x7f8db2cc2210 'com.apple.dt.runtime.swiftFoundation' '<DVTFilePath:0x7f8dd18ccf30:'/Users/abdulla/Library/Developer/Xcode/Archives/2018-01-10/httpRequest 10.01.18, 15.48.xcarchive/Products/Applications/httpRequest.app/Frameworks/libswiftFoundation.dylib'>'> from <IDEiCloudEntitlementsProcessor: 0x7f8dd10a8820>: {
}
2018-01-10 14:49:32 +0000  Entitlements for <IDEDistributionItem: 0x7f8db2cc2210 'com.apple.dt.runtime.swiftFoundation' '<DVTFilePath:0x7f8dd18ccf30:'/Users/abdulla/Library/Developer/Xcode/Archives/2018-01-10/httpRequest 10.01.18, 15.48.xcarchive/Products/Applications/httpRequest.app/Frameworks/libswiftFoundation.dylib'>'>: {
}
2018-01-10 14:49:32 +0000  Writing entitlements for <IDEDistributionItem: 0x7f8db2cc2210 'com.apple.dt.runtime.swiftFoundation' '<DVTFilePath:0x7f8dd18ccf30:'/Users/abdulla/Library/Developer/Xcode/Archives/2018-01-10/httpRequest 10.01.18, 15.48.xcarchive/Products/Applications/httpRequest.app/Frameworks/libswiftFoundation.dylib'>'> to: /var/folders/k7/k71_2nvj10ldtm_t_9nyp2p00000gn/T/XcodeDistPipeline.e2D/entitlementsX5MuIe
2018-01-10 14:49:32 +0000  Running /usr/bin/codesign '-vvv' '--force' '--sign' '9C96733538499B661385E0BF83C5481C57AF0C60' '--preserve-metadata=identifier,flags' '--entitlements' '/var/folders/k7/k71_2nvj10ldtm_t_9nyp2p00000gn/T/XcodeDistPipeline.e2D/entitlementsX5MuIe' '/var/folders/k7/k71_2nvj10ldtm_t_9nyp2p00000gn/T/XcodeDistPipeline.e2D/Root/Payload/httpRequest.app/Frameworks/libswiftFoundation.dylib'
2018-01-10 14:49:32 +0000  /var/folders/k7/k71_2nvj10ldtm_t_9nyp2p00000gn/T/XcodeDistPipeline.e2D/Root/Payload/httpRequest.app/Frameworks/libswiftFoundation.dylib: signed Mach-O universal (armv7 armv7s arm64) [com.apple.dt.runtime.swiftFoundation]
2018-01-10 14:49:32 +0000  /usr/bin/codesign exited with 0
2018-01-10 14:49:32 +0000  Applying entitlements delta for <IDEDistributionItem: 0x7f8dd15aadc0 'com.apple.dt.runtime.swiftMetal' '<DVTFilePath:0x7f8db5a4ad80:'/Users/abdulla/Library/Developer/Xcode/Archives/2018-01-10/httpRequest 10.01.18, 15.48.xcarchive/Products/Applications/httpRequest.app/Frameworks/libswiftMetal.dylib'>'> from <IDEiCloudEntitlementsProcessor: 0x7f8dd0f9dbd0>: {
}
2018-01-10 14:49:32 +0000  Entitlements for <IDEDistributionItem: 0x7f8dd15aadc0 'com.apple.dt.runtime.swiftMetal' '<DVTFilePath:0x7f8db5a4ad80:'/Users/abdulla/Library/Developer/Xcode/Archives/2018-01-10/httpRequest 10.01.18, 15.48.xcarchive/Products/Applications/httpRequest.app/Frameworks/libswiftMetal.dylib'>'>: {
}
2018-01-10 14:49:32 +0000  Writing entitlements for <IDEDistributionItem: 0x7f8dd15aadc0 'com.apple.dt.runtime.swiftMetal' '<DVTFilePath:0x7f8db5a4ad80:'/Users/abdulla/Library/Developer/Xcode/Archives/2018-01-10/httpRequest 10.01.18, 15.48.xcarchive/Products/Applications/httpRequest.app/Frameworks/libswiftMetal.dylib'>'> to: /var/folders/k7/k71_2nvj10ldtm_t_9nyp2p00000gn/T/XcodeDistPipeline.e2D/entitlementsdmufbr
2018-01-10 14:49:32 +0000  Running /usr/bin/codesign '-vvv' '--force' '--sign' '9C96733538499B661385E0BF83C5481C57AF0C60' '--preserve-metadata=identifier,flags' '--entitlements' '/var/folders/k7/k71_2nvj10ldtm_t_9nyp2p00000gn/T/XcodeDistPipeline.e2D/entitlementsdmufbr' '/var/folders/k7/k71_2nvj10ldtm_t_9nyp2p00000gn/T/XcodeDistPipeline.e2D/Root/Payload/httpRequest.app/Frameworks/libswiftMetal.dylib'
2018-01-10 14:49:32 +0000  /var/folders/k7/k71_2nvj10ldtm_t_9nyp2p00000gn/T/XcodeDistPipeline.e2D/Root/Payload/httpRequest.app/Frameworks/libswiftMetal.dylib: signed Mach-O universal (armv7 armv7s arm64) [com.apple.dt.runtime.swiftMetal]
2018-01-10 14:49:32 +0000  /usr/bin/codesign exited with 0
2018-01-10 14:49:32 +0000  Applying entitlements delta for <IDEDistributionItem: 0x7f8dd10594c0 'com.apple.dt.runtime.swiftObjectiveC' '<DVTFilePath:0x7f8db2c7b2c0:'/Users/abdulla/Library/Developer/Xcode/Archives/2018-01-10/httpRequest 10.01.18, 15.48.xcarchive/Products/Applications/httpRequest.app/Frameworks/libswiftObjectiveC.dylib'>'> from <IDEiCloudEntitlementsProcessor: 0x7f8db583aa50>: {
}
2018-01-10 14:49:32 +0000  Entitlements for <IDEDistributionItem: 0x7f8dd10594c0 'com.apple.dt.runtime.swiftObjectiveC' '<DVTFilePath:0x7f8db2c7b2c0:'/Users/abdulla/Library/Developer/Xcode/Archives/2018-01-10/httpRequest 10.01.18, 15.48.xcarchive/Products/Applications/httpRequest.app/Frameworks/libswiftObjectiveC.dylib'>'>: {
}
2018-01-10 14:49:32 +0000  Writing entitlements for <IDEDistributionItem: 0x7f8dd10594c0 'com.apple.dt.runtime.swiftObjectiveC' '<DVTFilePath:0x7f8db2c7b2c0:'/Users/abdulla/Library/Developer/Xcode/Archives/2018-01-10/httpRequest 10.01.18, 15.48.xcarchive/Products/Applications/httpRequest.app/Frameworks/libswiftObjectiveC.dylib'>'> to: /var/folders/k7/k71_2nvj10ldtm_t_9nyp2p00000gn/T/XcodeDistPipeline.e2D/entitlementsYbNNig
2018-01-10 14:49:32 +0000  Running /usr/bin/codesign '-vvv' '--force' '--sign' '9C96733538499B661385E0BF83C5481C57AF0C60' '--preserve-metadata=identifier,flags' '--entitlements' '/var/folders/k7/k71_2nvj10ldtm_t_9nyp2p00000gn/T/XcodeDistPipeline.e2D/entitlementsYbNNig' '/var/folders/k7/k71_2nvj10ldtm_t_9nyp2p00000gn/T/XcodeDistPipeline.e2D/Root/Payload/httpRequest.app/Frameworks/libswiftObjectiveC.dylib'
2018-01-10 14:49:32 +0000  /var/folders/k7/k71_2nvj10ldtm_t_9nyp2p00000gn/T/XcodeDistPipeline.e2D/Root/Payload/httpRequest.app/Frameworks/libswiftObjectiveC.dylib: signed Mach-O universal (armv7 armv7s arm64) [com.apple.dt.runtime.swiftObjectiveC]
2018-01-10 14:49:32 +0000  /usr/bin/codesign exited with 0
2018-01-10 14:49:32 +0000  Applying entitlements delta for <IDEDistributionItem: 0x7f8db5a47260 'com.apple.dt.runtime.swiftQuartzCore' '<DVTFilePath:0x7f8db2c60e70:'/Users/abdulla/Library/Developer/Xcode/Archives/2018-01-10/httpRequest 10.01.18, 15.48.xcarchive/Products/Applications/httpRequest.app/Frameworks/libswiftQuartzCore.dylib'>'> from <IDEiCloudEntitlementsProcessor: 0x7f8db5835290>: {
}
2018-01-10 14:49:32 +0000  Entitlements for <IDEDistributionItem: 0x7f8db5a47260 'com.apple.dt.runtime.swiftQuartzCore' '<DVTFilePath:0x7f8db2c60e70:'/Users/abdulla/Library/Developer/Xcode/Archives/2018-01-10/httpRequest 10.01.18, 15.48.xcarchive/Products/Applications/httpRequest.app/Frameworks/libswiftQuartzCore.dylib'>'>: {
}
2018-01-10 14:49:32 +0000  Writing entitlements for <IDEDistributionItem: 0x7f8db5a47260 'com.apple.dt.runtime.swiftQuartzCore' '<DVTFilePath:0x7f8db2c60e70:'/Users/abdulla/Library/Developer/Xcode/Archives/2018-01-10/httpRequest 10.01.18, 15.48.xcarchive/Products/Applications/httpRequest.app/Frameworks/libswiftQuartzCore.dylib'>'> to: /var/folders/k7/k71_2nvj10ldtm_t_9nyp2p00000gn/T/XcodeDistPipeline.e2D/entitlementszX1qFM
2018-01-10 14:49:32 +0000  Running /usr/bin/codesign '-vvv' '--force' '--sign' '9C96733538499B661385E0BF83C5481C57AF0C60' '--preserve-metadata=identifier,flags' '--entitlements' '/var/folders/k7/k71_2nvj10ldtm_t_9nyp2p00000gn/T/XcodeDistPipeline.e2D/entitlementszX1qFM' '/var/folders/k7/k71_2nvj10ldtm_t_9nyp2p00000gn/T/XcodeDistPipeline.e2D/Root/Payload/httpRequest.app/Frameworks/libswiftQuartzCore.dylib'
2018-01-10 14:49:33 +0000  /var/folders/k7/k71_2nvj10ldtm_t_9nyp2p00000gn/T/XcodeDistPipeline.e2D/Root/Payload/httpRequest.app/Frameworks/libswiftQuartzCore.dylib: signed Mach-O universal (armv7 armv7s arm64) [com.apple.dt.runtime.swiftQuartzCore]
2018-01-10 14:49:33 +0000  /usr/bin/codesign exited with 0
2018-01-10 14:49:33 +0000  Applying entitlements delta for <IDEDistributionItem: 0x7f8db5a14660 'com.apple.dt.runtime.swiftUIKit' '<DVTFilePath:0x7f8db2cf2510:'/Users/abdulla/Library/Developer/Xcode/Archives/2018-01-10/httpRequest 10.01.18, 15.48.xcarchive/Products/Applications/httpRequest.app/Frameworks/libswiftUIKit.dylib'>'> from <IDEiCloudEntitlementsProcessor: 0x7f8db586df40>: {
}
2018-01-10 14:49:33 +0000  Entitlements for <IDEDistributionItem: 0x7f8db5a14660 'com.apple.dt.runtime.swiftUIKit' '<DVTFilePath:0x7f8db2cf2510:'/Users/abdulla/Library/Developer/Xcode/Archives/2018-01-10/httpRequest 10.01.18, 15.48.xcarchive/Products/Applications/httpRequest.app/Frameworks/libswiftUIKit.dylib'>'>: {
}
2018-01-10 14:49:33 +0000  Writing entitlements for <IDEDistributionItem: 0x7f8db5a14660 'com.apple.dt.runtime.swiftUIKit' '<DVTFilePath:0x7f8db2cf2510:'/Users/abdulla/Library/Developer/Xcode/Archives/2018-01-10/httpRequest 10.01.18, 15.48.xcarchive/Products/Applications/httpRequest.app/Frameworks/libswiftUIKit.dylib'>'> to: /var/folders/k7/k71_2nvj10ldtm_t_9nyp2p00000gn/T/XcodeDistPipeline.e2D/entitlementsw8wPdi
2018-01-10 14:49:33 +0000  Running /usr/bin/codesign '-vvv' '--force' '--sign' '9C96733538499B661385E0BF83C5481C57AF0C60' '--preserve-metadata=identifier,flags' '--entitlements' '/var/folders/k7/k71_2nvj10ldtm_t_9nyp2p00000gn/T/XcodeDistPipeline.e2D/entitlementsw8wPdi' '/var/folders/k7/k71_2nvj10ldtm_t_9nyp2p00000gn/T/XcodeDistPipeline.e2D/Root/Payload/httpRequest.app/Frameworks/libswiftUIKit.dylib'
2018-01-10 14:49:33 +0000  /var/folders/k7/k71_2nvj10ldtm_t_9nyp2p00000gn/T/XcodeDistPipeline.e2D/Root/Payload/httpRequest.app/Frameworks/libswiftUIKit.dylib: signed Mach-O universal (armv7 armv7s arm64) [com.apple.dt.runtime.swiftUIKit]
2018-01-10 14:49:33 +0000  /usr/bin/codesign exited with 0
2018-01-10 14:49:33 +0000  Applying entitlements delta for <IDEDistributionItem: 0x7f8db2cb8fc0 'com.apple.dt.runtime.swiftos' '<DVTFilePath:0x7f8db2c7e090:'/Users/abdulla/Library/Developer/Xcode/Archives/2018-01-10/httpRequest 10.01.18, 15.48.xcarchive/Products/Applications/httpRequest.app/Frameworks/libswiftos.dylib'>'> from <IDEiCloudEntitlementsProcessor: 0x7f8db580d990>: {
}
2018-01-10 14:49:33 +0000  Entitlements for <IDEDistributionItem: 0x7f8db2cb8fc0 'com.apple.dt.runtime.swiftos' '<DVTFilePath:0x7f8db2c7e090:'/Users/abdulla/Library/Developer/Xcode/Archives/2018-01-10/httpRequest 10.01.18, 15.48.xcarchive/Products/Applications/httpRequest.app/Frameworks/libswiftos.dylib'>'>: {
}
2018-01-10 14:49:33 +0000  Writing entitlements for <IDEDistributionItem: 0x7f8db2cb8fc0 'com.apple.dt.runtime.swiftos' '<DVTFilePath:0x7f8db2c7e090:'/Users/abdulla/Library/Developer/Xcode/Archives/2018-01-10/httpRequest 10.01.18, 15.48.xcarchive/Products/Applications/httpRequest.app/Frameworks/libswiftos.dylib'>'> to: /var/folders/k7/k71_2nvj10ldtm_t_9nyp2p00000gn/T/XcodeDistPipeline.e2D/entitlementsysvVkv
2018-01-10 14:49:33 +0000  Running /usr/bin/codesign '-vvv' '--force' '--sign' '9C96733538499B661385E0BF83C5481C57AF0C60' '--preserve-metadata=identifier,flags' '--entitlements' '/var/folders/k7/k71_2nvj10ldtm_t_9nyp2p00000gn/T/XcodeDistPipeline.e2D/entitlementsysvVkv' '/var/folders/k7/k71_2nvj10ldtm_t_9nyp2p00000gn/T/XcodeDistPipeline.e2D/Root/Payload/httpRequest.app/Frameworks/libswiftos.dylib'
2018-01-10 14:49:33 +0000  /var/folders/k7/k71_2nvj10ldtm_t_9nyp2p00000gn/T/XcodeDistPipeline.e2D/Root/Payload/httpRequest.app/Frameworks/libswiftos.dylib: signed Mach-O universal (armv7 armv7s arm64) [com.apple.dt.runtime.swiftos]
2018-01-10 14:49:33 +0000  /usr/bin/codesign exited with 0
2018-01-10 14:49:33 +0000  Applying entitlements delta for <IDEDistributionItem: 0x7f8dd16d01f0 'com.testobject.httpRequest' '<DVTFilePath:0x7f8dd0de2fa0:'/Users/abdulla/Library/Developer/Xcode/Archives/2018-01-10/httpRequest 10.01.18, 15.48.xcarchive/Products/Applications/httpRequest.app'>'> from <IDEiCloudEntitlementsProcessor: 0x7f8db581a240>: {
}
2018-01-10 14:49:33 +0000  Entitlements for <IDEDistributionItem: 0x7f8dd16d01f0 'com.testobject.httpRequest' '<DVTFilePath:0x7f8dd0de2fa0:'/Users/abdulla/Library/Developer/Xcode/Archives/2018-01-10/httpRequest 10.01.18, 15.48.xcarchive/Products/Applications/httpRequest.app'>'>: {
    "application-identifier" = "MCHY2NCZ3E.com.testobject.httpRequest";
    "com.apple.developer.team-identifier" = MCHY2NCZ3E;
    "get-task-allow" = 1;
    "keychain-access-groups" =     (
        "MCHY2NCZ3E.com.testobject.httpRequest"
    );
}
2018-01-10 14:49:33 +0000  Writing entitlements for <IDEDistributionItem: 0x7f8dd16d01f0 'com.testobject.httpRequest' '<DVTFilePath:0x7f8dd0de2fa0:'/Users/abdulla/Library/Developer/Xcode/Archives/2018-01-10/httpRequest 10.01.18, 15.48.xcarchive/Products/Applications/httpRequest.app'>'> to: /var/folders/k7/k71_2nvj10ldtm_t_9nyp2p00000gn/T/XcodeDistPipeline.e2D/entitlements6g0ClT
2018-01-10 14:49:33 +0000  Running /usr/bin/codesign '-vvv' '--force' '--sign' '9C96733538499B661385E0BF83C5481C57AF0C60' '--preserve-metadata=identifier,flags' '--entitlements' '/var/folders/k7/k71_2nvj10ldtm_t_9nyp2p00000gn/T/XcodeDistPipeline.e2D/entitlements6g0ClT' '/var/folders/k7/k71_2nvj10ldtm_t_9nyp2p00000gn/T/XcodeDistPipeline.e2D/Root/Payload/httpRequest.app'
2018-01-10 14:49:33 +0000  /var/folders/k7/k71_2nvj10ldtm_t_9nyp2p00000gn/T/XcodeDistPipeline.e2D/Root/Payload/httpRequest.app: signed app bundle with Mach-O universal (armv7 arm64) [com.testobject.httpRequest]
2018-01-10 14:49:33 +0000  /usr/bin/codesign exited with 0
2018-01-10 14:49:33 +0000  Processing step: IDEDistributionStreamingZipItemStep
2018-01-10 14:49:33 +0000  Skipping step: IDEDistributionStreamingZipItemStep because it said so
2018-01-10 14:49:33 +0000  Skipping step: IDEDistributionStreamingZipItemStep because it said so
2018-01-10 14:49:33 +0000  Skipping step: IDEDistributionStreamingZipItemStep because it said so
2018-01-10 14:49:33 +0000  Skipping step: IDEDistributionStreamingZipItemStep because it said so
2018-01-10 14:49:33 +0000  Skipping step: IDEDistributionStreamingZipItemStep because it said so
2018-01-10 14:49:33 +0000  Skipping step: IDEDistributionStreamingZipItemStep because it said so
2018-01-10 14:49:33 +0000  Skipping step: IDEDistributionStreamingZipItemStep because it said so
2018-01-10 14:49:33 +0000  Skipping step: IDEDistributionStreamingZipItemStep because it said so
2018-01-10 14:49:33 +0000  Skipping step: IDEDistributionStreamingZipItemStep because it said so
2018-01-10 14:49:33 +0000  Skipping step: IDEDistributionStreamingZipItemStep because it said so
2018-01-10 14:49:33 +0000  Skipping step: IDEDistributionStreamingZipItemStep because it said so
2018-01-10 14:49:33 +0000  Skipping step: IDEDistributionStreamingZipItemStep because it said so
2018-01-10 14:49:33 +0000  Skipping step: IDEDistributionStreamingZipItemStep because it said so
2018-01-10 14:49:33 +0000  Processing step: IDEDistributionCreateIPAStep
2018-01-10 14:49:33 +0000  Running /usr/bin/ditto '-V' '-c' '-k' '--norsrc' '/var/folders/k7/k71_2nvj10ldtm_t_9nyp2p00000gn/T/XcodeDistPipeline.e2D/Root' '/var/folders/k7/k71_2nvj10ldtm_t_9nyp2p00000gn/T/XcodeDistPipeline.e2D/Packages/httpRequest.ipa'
2018-01-10 14:49:33 +0000  >>> Copying /var/folders/k7/k71_2nvj10ldtm_t_9nyp2p00000gn/T/XcodeDistPipeline.e2D/Root 
2018-01-10 14:49:33 +0000  copying file ./AppThinning.plist ... 
2018-01-10 14:49:33 +0000  228 bytes for ./AppThinning.plist
2018-01-10 14:49:33 +0000  copying file ./Payload/httpRequest.app/_CodeSignature/CodeResources ... 
2018-01-10 14:49:33 +0000  9019 bytes for ./Payload/httpRequest.app/_CodeSignature/CodeResources
2018-01-10 14:49:33 +0000  copying file ./Payload/httpRequest.app/archived-expanded-entitlements.xcent ... 
2018-01-10 14:49:33 +0000  390 bytes for ./Payload/httpRequest.app/archived-expanded-entitlements.xcent
2018-01-10 14:49:33 +0000  copying file ./Payload/httpRequest.app/Base.lproj/LaunchScreen.storyboardc/01J-lp-oVM-view-Ze5-6b-2t3.nib ... 
2018-01-10 14:49:33 +0000  1794 bytes for ./Payload/httpRequest.app/Base.lproj/LaunchScreen.storyboardc/01J-lp-oVM-view-Ze5-6b-2t3.nib
copying file ./Payload/httpRequest.app/Base.lproj/LaunchScreen.storyboardc/Info.plist ... 
2018-01-10 14:49:33 +0000  258 bytes for ./Payload/httpRequest.app/Base.lproj/LaunchScreen.storyboardc/Info.plist
copying file ./Payload/httpRequest.app/Base.lproj/LaunchScreen.storyboardc/UIViewController-01J-lp-oVM.nib ... 
2018-01-10 14:49:33 +0000  832 bytes for ./Payload/httpRequest.app/Base.lproj/LaunchScreen.storyboardc/UIViewController-01J-lp-oVM.nib
copying file ./Payload/httpRequest.app/Base.lproj/Main.storyboardc/BYZ-38-t0r-view-8bC-Xf-vdC.nib ... 
2018-01-10 14:49:33 +0000  6257 bytes for ./Payload/httpRequest.app/Base.lproj/Main.storyboardc/BYZ-38-t0r-view-8bC-Xf-vdC.nib
2018-01-10 14:49:33 +0000  copying file ./Payload/httpRequest.app/Base.lproj/Main.storyboardc/Info.plist ... 
258 bytes for ./Payload/httpRequest.app/Base.lproj/Main.storyboardc/Info.plist
copying file ./Payload/httpRequest.app/Base.lproj/Main.storyboardc/UIViewController-BYZ-38-t0r.nib ... 
2018-01-10 14:49:33 +0000  983 bytes for ./Payload/httpRequest.app/Base.lproj/Main.storyboardc/UIViewController-BYZ-38-t0r.nib
2018-01-10 14:49:33 +0000  copying file ./Payload/httpRequest.app/embedded.mobileprovision ... 
2018-01-10 14:49:33 +0000  36746 bytes for ./Payload/httpRequest.app/embedded.mobileprovision
2018-01-10 14:49:33 +0000  copying file ./Payload/httpRequest.app/Frameworks/libswiftCore.dylib ... 
2018-01-10 14:49:34 +0000  21079952 bytes for ./Payload/httpRequest.app/Frameworks/libswiftCore.dylib
copying file ./Payload/httpRequest.app/Frameworks/libswiftCoreFoundation.dylib ... 
2018-01-10 14:49:34 +0000  208656 bytes for ./Payload/httpRequest.app/Frameworks/libswiftCoreFoundation.dylib
copying file ./Payload/httpRequest.app/Frameworks/libswiftCoreGraphics.dylib ... 
2018-01-10 14:49:34 +0000  578112 bytes for ./Payload/httpRequest.app/Frameworks/libswiftCoreGraphics.dylib
copying file ./Payload/httpRequest.app/Frameworks/libswiftCoreImage.dylib ... 
2018-01-10 14:49:34 +0000  209216 bytes for ./Payload/httpRequest.app/Frameworks/libswiftCoreImage.dylib
copying file ./Payload/httpRequest.app/Frameworks/libswiftDarwin.dylib ... 
2018-01-10 14:49:34 +0000  303424 bytes for ./Payload/httpRequest.app/Frameworks/libswiftDarwin.dylib
copying file ./Payload/httpRequest.app/Frameworks/libswiftDispatch.dylib ... 
2018-01-10 14:49:34 +0000  1009616 bytes for ./Payload/httpRequest.app/Frameworks/libswiftDispatch.dylib
copying file ./Payload/httpRequest.app/Frameworks/libswiftFoundation.dylib ... 
2018-01-10 14:49:35 +0000  8425680 bytes for ./Payload/httpRequest.app/Frameworks/libswiftFoundation.dylib
copying file ./Payload/httpRequest.app/Frameworks/libswiftMetal.dylib ... 
2018-01-10 14:49:35 +0000  251616 bytes for ./Payload/httpRequest.app/Frameworks/libswiftMetal.dylib
copying file ./Payload/httpRequest.app/Frameworks/libswiftObjectiveC.dylib ... 
2018-01-10 14:49:35 +0000  259296 bytes for ./Payload/httpRequest.app/Frameworks/libswiftObjectiveC.dylib
copying file ./Payload/httpRequest.app/Frameworks/libswiftos.dylib ... 
2018-01-10 14:49:35 +0000  249264 bytes for ./Payload/httpRequest.app/Frameworks/libswiftos.dylib
copying file ./Payload/httpRequest.app/Frameworks/libswiftQuartzCore.dylib ... 
2018-01-10 14:49:35 +0000  212560 bytes for ./Payload/httpRequest.app/Frameworks/libswiftQuartzCore.dylib
copying file ./Payload/httpRequest.app/Frameworks/libswiftUIKit.dylib ... 
2018-01-10 14:49:35 +0000  361840 bytes for ./Payload/httpRequest.app/Frameworks/libswiftUIKit.dylib
2018-01-10 14:49:35 +0000  copying file ./Payload/httpRequest.app/httpRequest ... 
2018-01-10 14:49:35 +0000  241440 bytes for ./Payload/httpRequest.app/httpRequest
copying file ./Payload/httpRequest.app/Info.plist ... 
2018-01-10 14:49:35 +0000  1185 bytes for ./Payload/httpRequest.app/Info.plist
copying file ./Payload/httpRequest.app/PkgInfo ... 
2018-01-10 14:49:35 +0000  8 bytes for ./Payload/httpRequest.app/PkgInfo
2018-01-10 14:49:35 +0000  /usr/bin/ditto exited with 0
2018-01-10 14:49:35 +0000  Processing step: IDEDistributionCreateManifestStep
